{"/Users/aangeles/Desktop/projects/demo/google_do_follow_search/server/src/controllers/Api/Auth/Login.ts": {"path":"/Users/aangeles/Desktop/projects/demo/google_do_follow_search/server/src/controllers/Api/Auth/Login.ts","statementMap":{"0":{"start":{"line":15,"column":15},"end":{"line":15,"column":34}},"1":{"start":{"line":21,"column":8},"end":{"line":95,"column":9}},"2":{"start":{"line":22,"column":27},"end":{"line":22,"column":48}},"3":{"start":{"line":23,"column":37},"end":{"line":23,"column":54}},"4":{"start":{"line":25,"column":12},"end":{"line":29,"column":13}},"5":{"start":{"line":26,"column":16},"end":{"line":28,"column":19}},"6":{"start":{"line":31,"column":30},"end":{"line":31,"column":61}},"7":{"start":{"line":32,"column":30},"end":{"line":32,"column":65}},"8":{"start":{"line":33,"column":12},"end":{"line":33,"column":42}},"9":{"start":{"line":35,"column":26},"end":{"line":35,"column":71}},"10":{"start":{"line":37,"column":12},"end":{"line":42,"column":13}},"11":{"start":{"line":38,"column":16},"end":{"line":41,"column":19}},"12":{"start":{"line":44,"column":26},"end":{"line":44,"column":115}},"13":{"start":{"line":46,"column":12},"end":{"line":51,"column":13}},"14":{"start":{"line":47,"column":16},"end":{"line":50,"column":19}},"15":{"start":{"line":53,"column":12},"end":{"line":53,"column":53}},"16":{"start":{"line":55,"column":36},"end":{"line":65,"column":13}},"17":{"start":{"line":67,"column":12},"end":{"line":88,"column":31}},"18":{"start":{"line":68,"column":16},"end":{"line":68,"column":61}},"19":{"start":{"line":70,"column":16},"end":{"line":72,"column":17}},"20":{"start":{"line":71,"column":20},"end":{"line":71,"column":37}},"21":{"start":{"line":74,"column":16},"end":{"line":79,"column":17}},"22":{"start":{"line":75,"column":20},"end":{"line":78,"column":23}},"23":{"start":{"line":81,"column":16},"end":{"line":86,"column":19}},"24":{"start":{"line":82,"column":20},"end":{"line":85,"column":22}},"25":{"start":{"line":91,"column":12},"end":{"line":91,"column":56}},"26":{"start":{"line":92,"column":12},"end":{"line":94,"column":15}}},"fnMap":{"0":{"name":"(anonymous_0)","decl":{"start":{"line":20,"column":4},"end":{"line":20,"column":5}},"loc":{"start":{"line":20,"column":90},"end":{"line":96,"column":5}},"line":20},"1":{"name":"(anonymous_1)","decl":{"start":{"line":67,"column":43},"end":{"line":67,"column":44}},"loc":{"start":{"line":67,"column":64},"end":{"line":88,"column":13}},"line":67},"2":{"name":"(anonymous_2)","decl":{"start":{"line":81,"column":62},"end":{"line":81,"column":63}},"loc":{"start":{"line":81,"column":68},"end":{"line":86,"column":17}},"line":81}},"branchMap":{"0":{"loc":{"start":{"line":25,"column":12},"end":{"line":29,"column":13}},"type":"if","locations":[{"start":{"line":25,"column":12},"end":{"line":29,"column":13}},{"start":{},"end":{}}],"line":25},"1":{"loc":{"start":{"line":37,"column":12},"end":{"line":42,"column":13}},"type":"if","locations":[{"start":{"line":37,"column":12},"end":{"line":42,"column":13}},{"start":{},"end":{}}],"line":37},"2":{"loc":{"start":{"line":46,"column":12},"end":{"line":51,"column":13}},"type":"if","locations":[{"start":{"line":46,"column":12},"end":{"line":51,"column":13}},{"start":{},"end":{}}],"line":46},"3":{"loc":{"start":{"line":70,"column":16},"end":{"line":72,"column":17}},"type":"if","locations":[{"start":{"line":70,"column":16},"end":{"line":72,"column":17}},{"start":{},"end":{}}],"line":70},"4":{"loc":{"start":{"line":74,"column":16},"end":{"line":79,"column":17}},"type":"if","locations":[{"start":{"line":74,"column":16},"end":{"line":79,"column":17}},{"start":{},"end":{}}],"line":74},"5":{"loc":{"start":{"line":77,"column":29},"end":{"line":77,"column":53}},"type":"binary-expr","locations":[{"start":{"line":77,"column":29},"end":{"line":77,"column":41}},{"start":{"line":77,"column":45},"end":{"line":77,"column":53}}],"line":77}},"s":{"0":5,"1":9,"2":9,"3":9,"4":9,"5":4,"6":5,"7":5,"8":5,"9":5,"10":5,"11":1,"12":4,"13":4,"14":0,"15":4,"16":4,"17":4,"18":4,"19":4,"20":0,"21":4,"22":0,"23":4,"24":4,"25":0,"26":0},"f":{"0":9,"1":4,"2":4},"b":{"0":[4,5],"1":[1,4],"2":[0,4],"3":[0,4],"4":[0,4],"5":[0,0]},"_coverageSchema":"1a1c01bbd47fc00a2c39e90264f33305004495a9","hash":"0882b896cd87d183db3c0d938d359d96df830088"}
,"/Users/aangeles/Desktop/projects/demo/google_do_follow_search/server/src/controllers/Api/Auth/Logout.ts": {"path":"/Users/aangeles/Desktop/projects/demo/google_do_follow_search/server/src/controllers/Api/Auth/Logout.ts","statementMap":{"0":{"start":{"line":13,"column":2},"end":{"line":24,"column":5}},"1":{"start":{"line":14,"column":3},"end":{"line":16,"column":4}},"2":{"start":{"line":15,"column":4},"end":{"line":15,"column":76}},"3":{"start":{"line":20,"column":3},"end":{"line":23,"column":6}}},"fnMap":{"0":{"name":"(anonymous_0)","decl":{"start":{"line":11,"column":1},"end":{"line":11,"column":2}},"loc":{"start":{"line":11,"column":74},"end":{"line":25,"column":2}},"line":11},"1":{"name":"(anonymous_1)","decl":{"start":{"line":13,"column":22},"end":{"line":13,"column":23}},"loc":{"start":{"line":13,"column":31},"end":{"line":24,"column":3}},"line":13}},"branchMap":{"0":{"loc":{"start":{"line":14,"column":3},"end":{"line":16,"column":4}},"type":"if","locations":[{"start":{"line":14,"column":3},"end":{"line":16,"column":4}},{"start":{},"end":{}}],"line":14}},"s":{"0":1,"1":1,"2":0,"3":1},"f":{"0":1,"1":1},"b":{"0":[0,1]},"_coverageSchema":"1a1c01bbd47fc00a2c39e90264f33305004495a9","hash":"04c10ae2d87ff2ce1b6ccb1343e54c8398d73fe4"}
,"/Users/aangeles/Desktop/projects/demo/google_do_follow_search/server/src/controllers/Api/Auth/Register.ts": {"path":"/Users/aangeles/Desktop/projects/demo/google_do_follow_search/server/src/controllers/Api/Auth/Register.ts","statementMap":{"0":{"start":{"line":23,"column":8},"end":{"line":74,"column":9}},"1":{"start":{"line":24,"column":27},"end":{"line":24,"column":48}},"2":{"start":{"line":25,"column":37},"end":{"line":25,"column":54}},"3":{"start":{"line":27,"column":12},"end":{"line":31,"column":13}},"4":{"start":{"line":28,"column":16},"end":{"line":30,"column":19}},"5":{"start":{"line":33,"column":27},"end":{"line":33,"column":41}},"6":{"start":{"line":34,"column":33},"end":{"line":34,"column":53}},"7":{"start":{"line":35,"column":30},"end":{"line":35,"column":47}},"8":{"start":{"line":36,"column":30},"end":{"line":36,"column":65}},"9":{"start":{"line":37,"column":30},"end":{"line":37,"column":47}},"10":{"start":{"line":38,"column":28},"end":{"line":38,"column":43}},"11":{"start":{"line":40,"column":43},"end":{"line":46,"column":13}},"12":{"start":{"line":48,"column":12},"end":{"line":52,"column":13}},"13":{"start":{"line":48,"column":51},"end":{"line":48,"column":58}},"14":{"start":{"line":49,"column":16},"end":{"line":51,"column":19}},"15":{"start":{"line":50,"column":63},"end":{"line":50,"column":70}},"16":{"start":{"line":54,"column":31},"end":{"line":54,"column":125}},"17":{"start":{"line":56,"column":12},"end":{"line":67,"column":13}},"18":{"start":{"line":57,"column":16},"end":{"line":57,"column":58}},"19":{"start":{"line":58,"column":16},"end":{"line":61,"column":19}},"20":{"start":{"line":63,"column":16},"end":{"line":63,"column":75}},"21":{"start":{"line":64,"column":16},"end":{"line":66,"column":19}},"22":{"start":{"line":70,"column":12},"end":{"line":70,"column":56}},"23":{"start":{"line":71,"column":12},"end":{"line":73,"column":15}},"24":{"start":{"line":84,"column":8},"end":{"line":89,"column":9}},"25":{"start":{"line":86,"column":12},"end":{"line":86,"column":54}},"26":{"start":{"line":88,"column":12},"end":{"line":88,"column":25}},"27":{"start":{"line":99,"column":8},"end":{"line":103,"column":9}},"28":{"start":{"line":100,"column":12},"end":{"line":100,"column":94}},"29":{"start":{"line":102,"column":12},"end":{"line":102,"column":35}}},"fnMap":{"0":{"name":"(anonymous_0)","decl":{"start":{"line":22,"column":4},"end":{"line":22,"column":5}},"loc":{"start":{"line":22,"column":77},"end":{"line":75,"column":5}},"line":22},"1":{"name":"(anonymous_1)","decl":{"start":{"line":48,"column":46},"end":{"line":48,"column":47}},"loc":{"start":{"line":48,"column":51},"end":{"line":48,"column":58}},"line":48},"2":{"name":"(anonymous_2)","decl":{"start":{"line":50,"column":58},"end":{"line":50,"column":59}},"loc":{"start":{"line":50,"column":63},"end":{"line":50,"column":70}},"line":50},"3":{"name":"(anonymous_3)","decl":{"start":{"line":83,"column":4},"end":{"line":83,"column":5}},"loc":{"start":{"line":83,"column":51},"end":{"line":90,"column":5}},"line":83},"4":{"name":"(anonymous_4)","decl":{"start":{"line":98,"column":4},"end":{"line":98,"column":5}},"loc":{"start":{"line":98,"column":39},"end":{"line":104,"column":5}},"line":98}},"branchMap":{"0":{"loc":{"start":{"line":27,"column":12},"end":{"line":31,"column":13}},"type":"if","locations":[{"start":{"line":27,"column":12},"end":{"line":31,"column":13}},{"start":{},"end":{}}],"line":27},"1":{"loc":{"start":{"line":48,"column":12},"end":{"line":52,"column":13}},"type":"if","locations":[{"start":{"line":48,"column":12},"end":{"line":52,"column":13}},{"start":{},"end":{}}],"line":48},"2":{"loc":{"start":{"line":56,"column":12},"end":{"line":67,"column":13}},"type":"if","locations":[{"start":{"line":56,"column":12},"end":{"line":67,"column":13}},{"start":{"line":62,"column":19},"end":{"line":67,"column":13}}],"line":56},"3":{"loc":{"start":{"line":84,"column":8},"end":{"line":89,"column":9}},"type":"if","locations":[{"start":{"line":84,"column":8},"end":{"line":89,"column":9}},{"start":{"line":87,"column":15},"end":{"line":89,"column":9}}],"line":84}},"s":{"0":14,"1":14,"2":14,"3":14,"4":11,"5":3,"6":3,"7":3,"8":3,"9":3,"10":3,"11":3,"12":3,"13":9,"14":3,"15":9,"16":0,"17":0,"18":0,"19":0,"20":0,"21":0,"22":0,"23":0,"24":14,"25":4,"26":10,"27":14,"28":14,"29":0},"f":{"0":14,"1":9,"2":9,"3":14,"4":14},"b":{"0":[11,3],"1":[3,0],"2":[0,0],"3":[4,10]},"_coverageSchema":"1a1c01bbd47fc00a2c39e90264f33305004495a9","hash":"768d8cc15196b58bfc5a15e7d56fb8a281a37975"}
,"/Users/aangeles/Desktop/projects/demo/google_do_follow_search/server/src/controllers/Api/Auth/Session.ts": {"path":"/Users/aangeles/Desktop/projects/demo/google_do_follow_search/server/src/controllers/Api/Auth/Session.ts","statementMap":{"0":{"start":{"line":11,"column":8},"end":{"line":11,"column":70}},"1":{"start":{"line":13,"column":8},"end":{"line":18,"column":9}},"2":{"start":{"line":14,"column":12},"end":{"line":17,"column":15}},"3":{"start":{"line":20,"column":8},"end":{"line":23,"column":11}}},"fnMap":{"0":{"name":"(anonymous_0)","decl":{"start":{"line":10,"column":4},"end":{"line":10,"column":5}},"loc":{"start":{"line":10,"column":77},"end":{"line":24,"column":5}},"line":10}},"branchMap":{"0":{"loc":{"start":{"line":13,"column":8},"end":{"line":18,"column":9}},"type":"if","locations":[{"start":{"line":13,"column":8},"end":{"line":18,"column":9}},{"start":{},"end":{}}],"line":13}},"s":{"0":2,"1":2,"2":0,"3":2},"f":{"0":2},"b":{"0":[0,2]},"_coverageSchema":"1a1c01bbd47fc00a2c39e90264f33305004495a9","hash":"656a3face09160b5e2739d2aa19ba170bb12d70b"}
,"/Users/aangeles/Desktop/projects/demo/google_do_follow_search/server/src/controllers/Api/Pages/PageSource.ts": {"path":"/Users/aangeles/Desktop/projects/demo/google_do_follow_search/server/src/controllers/Api/Pages/PageSource.ts","statementMap":{"0":{"start":{"line":10,"column":14},"end":{"line":10,"column":32}},"1":{"start":{"line":14,"column":23},"end":{"line":14,"column":44}},"2":{"start":{"line":16,"column":8},"end":{"line":20,"column":9}},"3":{"start":{"line":17,"column":12},"end":{"line":19,"column":15}},"4":{"start":{"line":22,"column":8},"end":{"line":27,"column":11}},"5":{"start":{"line":23,"column":12},"end":{"line":25,"column":13}},"6":{"start":{"line":24,"column":16},"end":{"line":24,"column":112}},"7":{"start":{"line":26,"column":12},"end":{"line":26,"column":98}}},"fnMap":{"0":{"name":"(anonymous_0)","decl":{"start":{"line":13,"column":4},"end":{"line":13,"column":5}},"loc":{"start":{"line":13,"column":83},"end":{"line":28,"column":5}},"line":13},"1":{"name":"(anonymous_1)","decl":{"start":{"line":22,"column":30},"end":{"line":22,"column":31}},"loc":{"start":{"line":22,"column":63},"end":{"line":27,"column":9}},"line":22}},"branchMap":{"0":{"loc":{"start":{"line":16,"column":8},"end":{"line":20,"column":9}},"type":"if","locations":[{"start":{"line":16,"column":8},"end":{"line":20,"column":9}},{"start":{},"end":{}}],"line":16},"1":{"loc":{"start":{"line":23,"column":12},"end":{"line":25,"column":13}},"type":"if","locations":[{"start":{"line":23,"column":12},"end":{"line":25,"column":13}},{"start":{},"end":{}}],"line":23}},"s":{"0":5,"1":0,"2":0,"3":0,"4":0,"5":0,"6":0,"7":0},"f":{"0":0,"1":0},"b":{"0":[0,0],"1":[0,0]},"_coverageSchema":"1a1c01bbd47fc00a2c39e90264f33305004495a9","hash":"d5127b51af42b31335f56e849214853d70cd53e8"}
,"/Users/aangeles/Desktop/projects/demo/google_do_follow_search/server/src/middlewares/Log.ts": {"path":"/Users/aangeles/Desktop/projects/demo/google_do_follow_search/server/src/middlewares/Log.ts","statementMap":{"0":{"start":{"line":15,"column":22},"end":{"line":15,"column":32}},"1":{"start":{"line":18,"column":20},"end":{"line":18,"column":104}},"2":{"start":{"line":19,"column":20},"end":{"line":19,"column":100}},"3":{"start":{"line":21,"column":2},"end":{"line":21,"column":54}},"4":{"start":{"line":23,"column":2},"end":{"line":23,"column":39}},"5":{"start":{"line":24,"column":2},"end":{"line":24,"column":54}},"6":{"start":{"line":29,"column":2},"end":{"line":29,"column":31}},"7":{"start":{"line":34,"column":2},"end":{"line":34,"column":31}},"8":{"start":{"line":40,"column":2},"end":{"line":40,"column":77}},"9":{"start":{"line":42,"column":2},"end":{"line":42,"column":32}},"10":{"start":{"line":47,"column":2},"end":{"line":47,"column":34}},"11":{"start":{"line":55,"column":16},"end":{"line":55,"column":20}},"12":{"start":{"line":56,"column":2},"end":{"line":56,"column":30}},"13":{"start":{"line":58,"column":2},"end":{"line":77,"column":5}},"14":{"start":{"line":59,"column":3},"end":{"line":76,"column":4}},"15":{"start":{"line":61,"column":4},"end":{"line":73,"column":7}},"16":{"start":{"line":62,"column":5},"end":{"line":72,"column":6}},"17":{"start":{"line":63,"column":6},"end":{"line":69,"column":9}},"18":{"start":{"line":64,"column":7},"end":{"line":68,"column":8}},"19":{"start":{"line":65,"column":8},"end":{"line":65,"column":20}},"20":{"start":{"line":67,"column":8},"end":{"line":67,"column":98}},"21":{"start":{"line":71,"column":6},"end":{"line":71,"column":81}},"22":{"start":{"line":75,"column":4},"end":{"line":75,"column":95}}},"fnMap":{"0":{"name":"(anonymous_0)","decl":{"start":{"line":17,"column":1},"end":{"line":17,"column":2}},"loc":{"start":{"line":17,"column":15},"end":{"line":25,"column":2}},"line":17},"1":{"name":"(anonymous_1)","decl":{"start":{"line":28,"column":1},"end":{"line":28,"column":2}},"loc":{"start":{"line":28,"column":36},"end":{"line":30,"column":2}},"line":28},"2":{"name":"(anonymous_2)","decl":{"start":{"line":33,"column":1},"end":{"line":33,"column":2}},"loc":{"start":{"line":33,"column":36},"end":{"line":35,"column":2}},"line":33},"3":{"name":"(anonymous_3)","decl":{"start":{"line":38,"column":1},"end":{"line":38,"column":2}},"loc":{"start":{"line":38,"column":37},"end":{"line":43,"column":2}},"line":38},"4":{"name":"(anonymous_4)","decl":{"start":{"line":46,"column":1},"end":{"line":46,"column":2}},"loc":{"start":{"line":46,"column":57},"end":{"line":48,"column":2}},"line":46},"5":{"name":"(anonymous_5)","decl":{"start":{"line":54,"column":1},"end":{"line":54,"column":2}},"loc":{"start":{"line":54,"column":54},"end":{"line":78,"column":2}},"line":54},"6":{"name":"(anonymous_6)","decl":{"start":{"line":58,"column":52},"end":{"line":58,"column":53}},"loc":{"start":{"line":58,"column":79},"end":{"line":77,"column":3}},"line":58},"7":{"name":"(anonymous_7)","decl":{"start":{"line":61,"column":82},"end":{"line":61,"column":83}},"loc":{"start":{"line":61,"column":92},"end":{"line":73,"column":5}},"line":61},"8":{"name":"(anonymous_8)","decl":{"start":{"line":63,"column":32},"end":{"line":63,"column":33}},"loc":{"start":{"line":63,"column":42},"end":{"line":69,"column":7}},"line":63},"9":{"name":"(anonymous_9)","decl":{"start":{"line":85,"column":1},"end":{"line":85,"column":2}},"loc":{"start":{"line":85,"column":22},"end":{"line":87,"column":2}},"line":85}},"branchMap":{"0":{"loc":{"start":{"line":59,"column":3},"end":{"line":76,"column":4}},"type":"if","locations":[{"start":{"line":59,"column":3},"end":{"line":76,"column":4}},{"start":{"line":74,"column":10},"end":{"line":76,"column":4}}],"line":59},"1":{"loc":{"start":{"line":59,"column":7},"end":{"line":59,"column":31}},"type":"binary-expr","locations":[{"start":{"line":59,"column":7},"end":{"line":59,"column":12}},{"start":{"line":59,"column":16},"end":{"line":59,"column":31}}],"line":59},"2":{"loc":{"start":{"line":62,"column":5},"end":{"line":72,"column":6}},"type":"if","locations":[{"start":{"line":62,"column":5},"end":{"line":72,"column":6}},{"start":{"line":70,"column":12},"end":{"line":72,"column":6}}],"line":62},"3":{"loc":{"start":{"line":64,"column":7},"end":{"line":68,"column":8}},"type":"if","locations":[{"start":{"line":64,"column":7},"end":{"line":68,"column":8}},{"start":{"line":66,"column":14},"end":{"line":68,"column":8}}],"line":64}},"s":{"0":5,"1":5,"2":5,"3":5,"4":5,"5":5,"6":60,"7":0,"8":0,"9":0,"10":0,"11":60,"12":60,"13":60,"14":60,"15":60,"16":57,"17":57,"18":57,"19":57,"20":0,"21":0,"22":0},"f":{"0":5,"1":60,"2":0,"3":0,"4":0,"5":60,"6":60,"7":57,"8":57,"9":0},"b":{"0":[60,0],"1":[60,60],"2":[57,0],"3":[57,0]},"_coverageSchema":"1a1c01bbd47fc00a2c39e90264f33305004495a9","hash":"896d7edef2463158b168fad565d65c320d920fd6"}
,"/Users/aangeles/Desktop/projects/demo/google_do_follow_search/server/src/providers/Database.ts": {"path":"/Users/aangeles/Desktop/projects/demo/google_do_follow_search/server/src/providers/Database.ts","statementMap":{"0":{"start":{"line":7,"column":17},"end":{"line":7,"column":30}},"1":{"start":{"line":17,"column":8},"end":{"line":20,"column":11}},"2":{"start":{"line":29,"column":8},"end":{"line":29,"column":111}},"3":{"start":{"line":30,"column":8},"end":{"line":37,"column":9}},"4":{"start":{"line":31,"column":25},"end":{"line":31,"column":61}},"5":{"start":{"line":32,"column":12},"end":{"line":32,"column":74}},"6":{"start":{"line":33,"column":12},"end":{"line":33,"column":26}},"7":{"start":{"line":35,"column":12},"end":{"line":35,"column":114}},"8":{"start":{"line":36,"column":12},"end":{"line":36,"column":43}},"9":{"start":{"line":45,"column":8},"end":{"line":45,"column":37}},"10":{"start":{"line":46,"column":23},"end":{"line":46,"column":50}},"11":{"start":{"line":47,"column":8},"end":{"line":53,"column":9}},"12":{"start":{"line":48,"column":12},"end":{"line":48,"column":40}},"13":{"start":{"line":49,"column":12},"end":{"line":49,"column":26}},"14":{"start":{"line":51,"column":12},"end":{"line":51,"column":66}},"15":{"start":{"line":52,"column":12},"end":{"line":52,"column":43}},"16":{"start":{"line":63,"column":8},"end":{"line":63,"column":120}},"17":{"start":{"line":64,"column":8},"end":{"line":64,"column":39}},"18":{"start":{"line":65,"column":8},"end":{"line":72,"column":9}},"19":{"start":{"line":66,"column":25},"end":{"line":66,"column":56}},"20":{"start":{"line":67,"column":12},"end":{"line":67,"column":83}},"21":{"start":{"line":68,"column":12},"end":{"line":68,"column":25}},"22":{"start":{"line":70,"column":12},"end":{"line":70,"column":123}},"23":{"start":{"line":71,"column":12},"end":{"line":71,"column":43}},"24":{"start":{"line":82,"column":8},"end":{"line":82,"column":123}},"25":{"start":{"line":83,"column":8},"end":{"line":96,"column":9}},"26":{"start":{"line":84,"column":12},"end":{"line":93,"column":13}},"27":{"start":{"line":85,"column":16},"end":{"line":92,"column":17}},"28":{"start":{"line":86,"column":20},"end":{"line":86,"column":68}},"29":{"start":{"line":87,"column":20},"end":{"line":87,"column":79}},"30":{"start":{"line":88,"column":20},"end":{"line":88,"column":63}},"31":{"start":{"line":90,"column":20},"end":{"line":90,"column":79}},"32":{"start":{"line":91,"column":20},"end":{"line":91,"column":51}},"33":{"start":{"line":95,"column":12},"end":{"line":95,"column":72}},"34":{"start":{"line":103,"column":8},"end":{"line":115,"column":9}},"35":{"start":{"line":104,"column":12},"end":{"line":112,"column":13}},"36":{"start":{"line":105,"column":16},"end":{"line":105,"column":53}},"37":{"start":{"line":106,"column":16},"end":{"line":106,"column":47}},"38":{"start":{"line":108,"column":16},"end":{"line":108,"column":47}},"39":{"start":{"line":110,"column":16},"end":{"line":110,"column":33}},"40":{"start":{"line":111,"column":16},"end":{"line":111,"column":59}},"41":{"start":{"line":114,"column":12},"end":{"line":114,"column":66}},"42":{"start":{"line":122,"column":8},"end":{"line":130,"column":9}},"43":{"start":{"line":123,"column":12},"end":{"line":123,"column":41}},"44":{"start":{"line":125,"column":12},"end":{"line":125,"column":56}},"45":{"start":{"line":126,"column":12},"end":{"line":126,"column":43}},"46":{"start":{"line":128,"column":12},"end":{"line":128,"column":29}},"47":{"start":{"line":129,"column":12},"end":{"line":129,"column":53}}},"fnMap":{"0":{"name":"(anonymous_0)","decl":{"start":{"line":16,"column":4},"end":{"line":16,"column":5}},"loc":{"start":{"line":16,"column":18},"end":{"line":21,"column":5}},"line":16},"1":{"name":"(anonymous_1)","decl":{"start":{"line":28,"column":4},"end":{"line":28,"column":5}},"loc":{"start":{"line":28,"column":59},"end":{"line":38,"column":5}},"line":28},"2":{"name":"(anonymous_2)","decl":{"start":{"line":44,"column":4},"end":{"line":44,"column":5}},"loc":{"start":{"line":44,"column":34},"end":{"line":54,"column":5}},"line":44},"3":{"name":"(anonymous_3)","decl":{"start":{"line":62,"column":4},"end":{"line":62,"column":5}},"loc":{"start":{"line":62,"column":76},"end":{"line":73,"column":5}},"line":62},"4":{"name":"(anonymous_4)","decl":{"start":{"line":81,"column":4},"end":{"line":81,"column":5}},"loc":{"start":{"line":81,"column":65},"end":{"line":97,"column":5}},"line":81},"5":{"name":"(anonymous_5)","decl":{"start":{"line":102,"column":4},"end":{"line":102,"column":5}},"loc":{"start":{"line":102,"column":49},"end":{"line":116,"column":5}},"line":102},"6":{"name":"(anonymous_6)","decl":{"start":{"line":121,"column":4},"end":{"line":121,"column":5}},"loc":{"start":{"line":121,"column":47},"end":{"line":131,"column":5}},"line":121}},"branchMap":{"0":{"loc":{"start":{"line":83,"column":8},"end":{"line":96,"column":9}},"type":"if","locations":[{"start":{"line":83,"column":8},"end":{"line":96,"column":9}},{"start":{"line":94,"column":15},"end":{"line":96,"column":9}}],"line":83},"1":{"loc":{"start":{"line":103,"column":8},"end":{"line":115,"column":9}},"type":"if","locations":[{"start":{"line":103,"column":8},"end":{"line":115,"column":9}},{"start":{"line":113,"column":15},"end":{"line":115,"column":9}}],"line":103},"2":{"loc":{"start":{"line":103,"column":12},"end":{"line":103,"column":51}},"type":"binary-expr","locations":[{"start":{"line":103,"column":12},"end":{"line":103,"column":41}},{"start":{"line":103,"column":45},"end":{"line":103,"column":51}}],"line":103}},"s":{"0":5,"1":5,"2":18,"3":18,"4":18,"5":18,"6":18,"7":0,"8":0,"9":0,"10":0,"11":0,"12":0,"13":0,"14":0,"15":0,"16":0,"17":0,"18":0,"19":0,"20":0,"21":0,"22":0,"23":0,"24":0,"25":0,"26":0,"27":0,"28":0,"29":0,"30":0,"31":0,"32":0,"33":0,"34":0,"35":0,"36":0,"37":0,"38":0,"39":0,"40":0,"41":0,"42":0,"43":0,"44":0,"45":0,"46":0,"47":0},"f":{"0":5,"1":18,"2":0,"3":0,"4":0,"5":0,"6":0},"b":{"0":[0,0],"1":[0,0],"2":[0,0]},"_coverageSchema":"1a1c01bbd47fc00a2c39e90264f33305004495a9","hash":"a350f53c105eec076fd9a2fbd5d1d107a0fda084"}
,"/Users/aangeles/Desktop/projects/demo/google_do_follow_search/server/src/providers/Encryptions.ts": {"path":"/Users/aangeles/Desktop/projects/demo/google_do_follow_search/server/src/providers/Encryptions.ts","statementMap":{"0":{"start":{"line":20,"column":8},"end":{"line":27,"column":9}},"1":{"start":{"line":21,"column":12},"end":{"line":24,"column":14}},"2":{"start":{"line":26,"column":12},"end":{"line":26,"column":35}},"3":{"start":{"line":36,"column":8},"end":{"line":40,"column":9}},"4":{"start":{"line":37,"column":12},"end":{"line":37,"column":71}},"5":{"start":{"line":39,"column":12},"end":{"line":39,"column":43}}},"fnMap":{"0":{"name":"(anonymous_0)","decl":{"start":{"line":19,"column":4},"end":{"line":19,"column":5}},"loc":{"start":{"line":19,"column":91},"end":{"line":28,"column":5}},"line":19},"1":{"name":"(anonymous_1)","decl":{"start":{"line":35,"column":4},"end":{"line":35,"column":5}},"loc":{"start":{"line":35,"column":49},"end":{"line":41,"column":5}},"line":35}},"branchMap":{},"s":{"0":4,"1":4,"2":0,"3":8,"4":8,"5":0},"f":{"0":4,"1":8},"b":{},"_coverageSchema":"1a1c01bbd47fc00a2c39e90264f33305004495a9","hash":"cd71c5b49030a871ed1e911ac93ef6749ff69ca1"}
,"/Users/aangeles/Desktop/projects/demo/google_do_follow_search/server/src/providers/Locals.ts": {"path":"/Users/aangeles/Desktop/projects/demo/google_do_follow_search/server/src/providers/Locals.ts","statementMap":{"0":{"start":{"line":16,"column":21},"end":{"line":16,"column":45}},"1":{"start":{"line":17,"column":29},"end":{"line":17,"column":99}},"2":{"start":{"line":19,"column":26},"end":{"line":19,"column":64}},"3":{"start":{"line":20,"column":26},"end":{"line":20,"column":57}},"4":{"start":{"line":23,"column":8},"end":{"line":28,"column":9}},"5":{"start":{"line":35,"column":8},"end":{"line":35,"column":44}},"6":{"start":{"line":36,"column":8},"end":{"line":36,"column":24}}},"fnMap":{"0":{"name":"(anonymous_0)","decl":{"start":{"line":15,"column":4},"end":{"line":15,"column":5}},"loc":{"start":{"line":15,"column":32},"end":{"line":29,"column":5}},"line":15},"1":{"name":"(anonymous_1)","decl":{"start":{"line":34,"column":4},"end":{"line":34,"column":5}},"loc":{"start":{"line":34,"column":59},"end":{"line":37,"column":5}},"line":34}},"branchMap":{"0":{"loc":{"start":{"line":16,"column":21},"end":{"line":16,"column":45}},"type":"binary-expr","locations":[{"start":{"line":16,"column":21},"end":{"line":16,"column":37}},{"start":{"line":16,"column":41},"end":{"line":16,"column":45}}],"line":16},"1":{"loc":{"start":{"line":17,"column":29},"end":{"line":17,"column":99}},"type":"binary-expr","locations":[{"start":{"line":17,"column":29},"end":{"line":17,"column":53}},{"start":{"line":17,"column":57},"end":{"line":17,"column":99}}],"line":17},"2":{"loc":{"start":{"line":19,"column":26},"end":{"line":19,"column":64}},"type":"binary-expr","locations":[{"start":{"line":19,"column":26},"end":{"line":19,"column":48}},{"start":{"line":19,"column":52},"end":{"line":19,"column":64}}],"line":19},"3":{"loc":{"start":{"line":20,"column":26},"end":{"line":20,"column":57}},"type":"binary-expr","locations":[{"start":{"line":20,"column":26},"end":{"line":20,"column":48}},{"start":{"line":20,"column":52},"end":{"line":20,"column":57}}],"line":20}},"s":{"0":18,"1":18,"2":18,"3":18,"4":18,"5":0,"6":0},"f":{"0":18,"1":0},"b":{"0":[18,18],"1":[18,18],"2":[18,18],"3":[18,18]},"_coverageSchema":"1a1c01bbd47fc00a2c39e90264f33305004495a9","hash":"07c95d22ce16e2e811ecaa55c83c86927745db81"}
,"/Users/aangeles/Desktop/projects/demo/google_do_follow_search/server/src/providers/Passport.ts": {"path":"/Users/aangeles/Desktop/projects/demo/google_do_follow_search/server/src/providers/Passport.ts","statementMap":{"0":{"start":{"line":22,"column":28},"end":{"line":22,"column":45}},"1":{"start":{"line":24,"column":2},"end":{"line":24,"column":40}},"2":{"start":{"line":26,"column":2},"end":{"line":26,"column":54}},"3":{"start":{"line":27,"column":2},"end":{"line":27,"column":51}},"4":{"start":{"line":29,"column":2},"end":{"line":31,"column":5}},"5":{"start":{"line":30,"column":3},"end":{"line":30,"column":20}},"6":{"start":{"line":33,"column":2},"end":{"line":39,"column":5}},"7":{"start":{"line":34,"column":3},"end":{"line":38,"column":5}},"8":{"start":{"line":35,"column":4},"end":{"line":35,"column":18}},"9":{"start":{"line":37,"column":4},"end":{"line":37,"column":18}},"10":{"start":{"line":41,"column":2},"end":{"line":41,"column":43}},"11":{"start":{"line":43,"column":2},"end":{"line":43,"column":18}},"12":{"start":{"line":47,"column":2},"end":{"line":51,"column":3}},"13":{"start":{"line":48,"column":3},"end":{"line":48,"column":32}},"14":{"start":{"line":50,"column":3},"end":{"line":50,"column":25}},"15":{"start":{"line":55,"column":2},"end":{"line":57,"column":3}},"16":{"start":{"line":56,"column":3},"end":{"line":56,"column":17}},"17":{"start":{"line":59,"column":2},"end":{"line":61,"column":5}},"18":{"start":{"line":65,"column":19},"end":{"line":65,"column":51}},"19":{"start":{"line":66,"column":16},"end":{"line":66,"column":70}},"20":{"start":{"line":66,"column":46},"end":{"line":66,"column":69}},"21":{"start":{"line":67,"column":2},"end":{"line":71,"column":3}},"22":{"start":{"line":68,"column":3},"end":{"line":68,"column":17}},"23":{"start":{"line":70,"column":3},"end":{"line":70,"column":44}}},"fnMap":{"0":{"name":"(anonymous_0)","decl":{"start":{"line":21,"column":1},"end":{"line":21,"column":2}},"loc":{"start":{"line":21,"column":94},"end":{"line":44,"column":2}},"line":21},"1":{"name":"(anonymous_1)","decl":{"start":{"line":29,"column":40},"end":{"line":29,"column":41}},"loc":{"start":{"line":29,"column":61},"end":{"line":31,"column":3}},"line":29},"2":{"name":"(anonymous_2)","decl":{"start":{"line":33,"column":42},"end":{"line":33,"column":43}},"loc":{"start":{"line":33,"column":70},"end":{"line":39,"column":3}},"line":33},"3":{"name":"(anonymous_3)","decl":{"start":{"line":34,"column":47},"end":{"line":34,"column":48}},"loc":{"start":{"line":34,"column":52},"end":{"line":36,"column":4}},"line":34},"4":{"name":"(anonymous_4)","decl":{"start":{"line":36,"column":12},"end":{"line":36,"column":13}},"loc":{"start":{"line":36,"column":17},"end":{"line":38,"column":4}},"line":36},"5":{"name":"(anonymous_5)","decl":{"start":{"line":46,"column":1},"end":{"line":46,"column":2}},"loc":{"start":{"line":46,"column":71},"end":{"line":52,"column":2}},"line":46},"6":{"name":"(anonymous_6)","decl":{"start":{"line":54,"column":1},"end":{"line":54,"column":2}},"loc":{"start":{"line":54,"column":45},"end":{"line":62,"column":2}},"line":54},"7":{"name":"(anonymous_7)","decl":{"start":{"line":64,"column":1},"end":{"line":64,"column":2}},"loc":{"start":{"line":64,"column":42},"end":{"line":72,"column":2}},"line":64},"8":{"name":"(anonymous_8)","decl":{"start":{"line":66,"column":37},"end":{"line":66,"column":38}},"loc":{"start":{"line":66,"column":46},"end":{"line":66,"column":69}},"line":66}},"branchMap":{"0":{"loc":{"start":{"line":24,"column":18},"end":{"line":24,"column":39}},"type":"binary-expr","locations":[{"start":{"line":24,"column":18},"end":{"line":24,"column":26}},{"start":{"line":24,"column":30},"end":{"line":24,"column":39}}],"line":24},"1":{"loc":{"start":{"line":55,"column":2},"end":{"line":57,"column":3}},"type":"if","locations":[{"start":{"line":55,"column":2},"end":{"line":57,"column":3}},{"start":{},"end":{}}],"line":55},"2":{"loc":{"start":{"line":67,"column":2},"end":{"line":71,"column":3}},"type":"if","locations":[{"start":{"line":67,"column":2},"end":{"line":71,"column":3}},{"start":{"line":69,"column":9},"end":{"line":71,"column":3}}],"line":67}},"s":{"0":4,"1":4,"2":4,"3":4,"4":4,"5":4,"6":4,"7":0,"8":0,"9":0,"10":4,"11":4,"12":4,"13":4,"14":0,"15":3,"16":0,"17":3,"18":0,"19":0,"20":0,"21":0,"22":0,"23":0},"f":{"0":4,"1":4,"2":0,"3":0,"4":0,"5":4,"6":3,"7":0,"8":0},"b":{"0":[4,0],"1":[0,3],"2":[0,0]},"_coverageSchema":"1a1c01bbd47fc00a2c39e90264f33305004495a9","hash":"684d724b50e1b13a97c69c0238cd8eeab3f9ce8f"}
,"/Users/aangeles/Desktop/projects/demo/google_do_follow_search/server/src/providers/Routes.ts": {"path":"/Users/aangeles/Desktop/projects/demo/google_do_follow_search/server/src/providers/Routes.ts","statementMap":{"0":{"start":{"line":22,"column":20},"end":{"line":22,"column":45}},"1":{"start":{"line":24,"column":2},"end":{"line":24,"column":50}}},"fnMap":{"0":{"name":"(anonymous_0)","decl":{"start":{"line":21,"column":1},"end":{"line":21,"column":2}},"loc":{"start":{"line":21,"column":53},"end":{"line":25,"column":2}},"line":21}},"branchMap":{},"s":{"0":5,"1":5},"f":{"0":5},"b":{},"_coverageSchema":"1a1c01bbd47fc00a2c39e90264f33305004495a9","hash":"4e99d42846f39b6930c575d66b6c151999184fb1"}
,"/Users/aangeles/Desktop/projects/demo/google_do_follow_search/server/src/routes/Api.ts": {"path":"/Users/aangeles/Desktop/projects/demo/google_do_follow_search/server/src/routes/Api.ts","statementMap":{"0":{"start":{"line":16,"column":15},"end":{"line":16,"column":23}},"1":{"start":{"line":18,"column":0},"end":{"line":26,"column":2}},"2":{"start":{"line":28,"column":0},"end":{"line":51,"column":2}},"3":{"start":{"line":37,"column":75},"end":{"line":37,"column":114}},"4":{"start":{"line":43,"column":70},"end":{"line":43,"column":121}},"5":{"start":{"line":53,"column":0},"end":{"line":56,"column":2}},"6":{"start":{"line":58,"column":0},"end":{"line":63,"column":2}},"7":{"start":{"line":65,"column":0},"end":{"line":68,"column":2}}},"fnMap":{"0":{"name":"(anonymous_0)","decl":{"start":{"line":37,"column":64},"end":{"line":37,"column":65}},"loc":{"start":{"line":37,"column":75},"end":{"line":37,"column":114}},"line":37},"1":{"name":"(anonymous_1)","decl":{"start":{"line":43,"column":50},"end":{"line":43,"column":51}},"loc":{"start":{"line":43,"column":70},"end":{"line":43,"column":121}},"line":43}},"branchMap":{},"s":{"0":5,"1":5,"2":5,"3":14,"4":14,"5":5,"6":5,"7":5},"f":{"0":14,"1":14},"b":{},"_coverageSchema":"1a1c01bbd47fc00a2c39e90264f33305004495a9","hash":"1a5760756232977371e2de899dacdb907d075eae"}
,"/Users/aangeles/Desktop/projects/demo/google_do_follow_search/server/src/services/userService.ts": {"path":"/Users/aangeles/Desktop/projects/demo/google_do_follow_search/server/src/services/userService.ts","statementMap":{"0":{"start":{"line":20,"column":27},"end":{"line":24,"column":9}},"1":{"start":{"line":25,"column":21},"end":{"line":25,"column":25}},"2":{"start":{"line":26,"column":8},"end":{"line":36,"column":9}},"3":{"start":{"line":27,"column":12},"end":{"line":27,"column":56}},"4":{"start":{"line":28,"column":12},"end":{"line":33,"column":13}},"5":{"start":{"line":29,"column":16},"end":{"line":29,"column":52}},"6":{"start":{"line":30,"column":16},"end":{"line":30,"column":38}},"7":{"start":{"line":32,"column":16},"end":{"line":32,"column":29}},"8":{"start":{"line":35,"column":12},"end":{"line":35,"column":43}},"9":{"start":{"line":45,"column":25},"end":{"line":49,"column":9}},"10":{"start":{"line":50,"column":21},"end":{"line":50,"column":25}},"11":{"start":{"line":51,"column":8},"end":{"line":60,"column":9}},"12":{"start":{"line":52,"column":12},"end":{"line":52,"column":54}},"13":{"start":{"line":53,"column":12},"end":{"line":57,"column":13}},"14":{"start":{"line":54,"column":16},"end":{"line":54,"column":38}},"15":{"start":{"line":56,"column":16},"end":{"line":56,"column":29}},"16":{"start":{"line":59,"column":12},"end":{"line":59,"column":43}},"17":{"start":{"line":69,"column":25},"end":{"line":73,"column":9}},"18":{"start":{"line":74,"column":21},"end":{"line":74,"column":25}},"19":{"start":{"line":75,"column":8},"end":{"line":84,"column":9}},"20":{"start":{"line":76,"column":12},"end":{"line":76,"column":54}},"21":{"start":{"line":77,"column":12},"end":{"line":81,"column":13}},"22":{"start":{"line":78,"column":16},"end":{"line":78,"column":38}},"23":{"start":{"line":80,"column":16},"end":{"line":80,"column":29}},"24":{"start":{"line":83,"column":12},"end":{"line":83,"column":43}},"25":{"start":{"line":93,"column":28},"end":{"line":97,"column":9}},"26":{"start":{"line":99,"column":21},"end":{"line":99,"column":25}},"27":{"start":{"line":100,"column":8},"end":{"line":109,"column":9}},"28":{"start":{"line":101,"column":12},"end":{"line":101,"column":57}},"29":{"start":{"line":102,"column":12},"end":{"line":106,"column":13}},"30":{"start":{"line":103,"column":16},"end":{"line":103,"column":51}},"31":{"start":{"line":105,"column":16},"end":{"line":105,"column":82}},"32":{"start":{"line":108,"column":12},"end":{"line":108,"column":43}},"33":{"start":{"line":118,"column":28},"end":{"line":122,"column":9}},"34":{"start":{"line":123,"column":21},"end":{"line":123,"column":25}},"35":{"start":{"line":124,"column":8},"end":{"line":133,"column":9}},"36":{"start":{"line":125,"column":12},"end":{"line":125,"column":57}},"37":{"start":{"line":126,"column":12},"end":{"line":130,"column":13}},"38":{"start":{"line":127,"column":16},"end":{"line":127,"column":51}},"39":{"start":{"line":129,"column":16},"end":{"line":129,"column":94}},"40":{"start":{"line":132,"column":12},"end":{"line":132,"column":43}},"41":{"start":{"line":142,"column":28},"end":{"line":146,"column":9}},"42":{"start":{"line":147,"column":21},"end":{"line":147,"column":25}},"43":{"start":{"line":148,"column":8},"end":{"line":157,"column":9}},"44":{"start":{"line":149,"column":12},"end":{"line":149,"column":57}},"45":{"start":{"line":150,"column":12},"end":{"line":154,"column":13}},"46":{"start":{"line":151,"column":16},"end":{"line":151,"column":51}},"47":{"start":{"line":153,"column":16},"end":{"line":153,"column":88}},"48":{"start":{"line":156,"column":12},"end":{"line":156,"column":43}},"49":{"start":{"line":166,"column":34},"end":{"line":170,"column":9}},"50":{"start":{"line":172,"column":21},"end":{"line":172,"column":25}},"51":{"start":{"line":172,"column":36},"end":{"line":172,"column":40}},"52":{"start":{"line":173,"column":8},"end":{"line":188,"column":9}},"53":{"start":{"line":174,"column":12},"end":{"line":174,"column":53}},"54":{"start":{"line":176,"column":12},"end":{"line":182,"column":13}},"55":{"start":{"line":177,"column":16},"end":{"line":177,"column":84}},"56":{"start":{"line":178,"column":16},"end":{"line":178,"column":46}},"57":{"start":{"line":180,"column":16},"end":{"line":180,"column":48}},"58":{"start":{"line":181,"column":16},"end":{"line":181,"column":39}},"59":{"start":{"line":184,"column":12},"end":{"line":184,"column":60}},"60":{"start":{"line":187,"column":12},"end":{"line":187,"column":43}}},"fnMap":{"0":{"name":"(anonymous_0)","decl":{"start":{"line":19,"column":4},"end":{"line":19,"column":5}},"loc":{"start":{"line":19,"column":70},"end":{"line":37,"column":5}},"line":19},"1":{"name":"(anonymous_1)","decl":{"start":{"line":44,"column":4},"end":{"line":44,"column":5}},"loc":{"start":{"line":44,"column":48},"end":{"line":61,"column":5}},"line":44},"2":{"name":"(anonymous_2)","decl":{"start":{"line":68,"column":4},"end":{"line":68,"column":5}},"loc":{"start":{"line":68,"column":54},"end":{"line":85,"column":5}},"line":68},"3":{"name":"(anonymous_3)","decl":{"start":{"line":92,"column":4},"end":{"line":92,"column":5}},"loc":{"start":{"line":92,"column":58},"end":{"line":110,"column":5}},"line":92},"4":{"name":"(anonymous_4)","decl":{"start":{"line":117,"column":4},"end":{"line":117,"column":5}},"loc":{"start":{"line":117,"column":70},"end":{"line":134,"column":5}},"line":117},"5":{"name":"(anonymous_5)","decl":{"start":{"line":141,"column":4},"end":{"line":141,"column":5}},"loc":{"start":{"line":141,"column":64},"end":{"line":158,"column":5}},"line":141},"6":{"name":"(anonymous_6)","decl":{"start":{"line":165,"column":4},"end":{"line":165,"column":5}},"loc":{"start":{"line":165,"column":165},"end":{"line":189,"column":5}},"line":165}},"branchMap":{"0":{"loc":{"start":{"line":28,"column":12},"end":{"line":33,"column":13}},"type":"if","locations":[{"start":{"line":28,"column":12},"end":{"line":33,"column":13}},{"start":{"line":31,"column":19},"end":{"line":33,"column":13}}],"line":28},"1":{"loc":{"start":{"line":53,"column":12},"end":{"line":57,"column":13}},"type":"if","locations":[{"start":{"line":53,"column":12},"end":{"line":57,"column":13}},{"start":{"line":55,"column":19},"end":{"line":57,"column":13}}],"line":53},"2":{"loc":{"start":{"line":77,"column":12},"end":{"line":81,"column":13}},"type":"if","locations":[{"start":{"line":77,"column":12},"end":{"line":81,"column":13}},{"start":{"line":79,"column":19},"end":{"line":81,"column":13}}],"line":77},"3":{"loc":{"start":{"line":102,"column":12},"end":{"line":106,"column":13}},"type":"if","locations":[{"start":{"line":102,"column":12},"end":{"line":106,"column":13}},{"start":{"line":104,"column":19},"end":{"line":106,"column":13}}],"line":102},"4":{"loc":{"start":{"line":126,"column":12},"end":{"line":130,"column":13}},"type":"if","locations":[{"start":{"line":126,"column":12},"end":{"line":130,"column":13}},{"start":{"line":128,"column":19},"end":{"line":130,"column":13}}],"line":126},"5":{"loc":{"start":{"line":150,"column":12},"end":{"line":154,"column":13}},"type":"if","locations":[{"start":{"line":150,"column":12},"end":{"line":154,"column":13}},{"start":{"line":152,"column":19},"end":{"line":154,"column":13}}],"line":150}},"s":{"0":5,"1":5,"2":5,"3":5,"4":5,"5":4,"6":4,"7":1,"8":0,"9":0,"10":0,"11":0,"12":0,"13":0,"14":0,"15":0,"16":0,"17":4,"18":4,"19":4,"20":4,"21":4,"22":4,"23":0,"24":0,"25":3,"26":3,"27":3,"28":3,"29":3,"30":2,"31":1,"32":0,"33":3,"34":3,"35":3,"36":3,"37":3,"38":2,"39":1,"40":0,"41":3,"42":3,"43":3,"44":3,"45":3,"46":2,"47":1,"48":0,"49":0,"50":0,"51":0,"52":0,"53":0,"54":0,"55":0,"56":0,"57":0,"58":0,"59":0,"60":0},"f":{"0":5,"1":0,"2":4,"3":3,"4":3,"5":3,"6":0},"b":{"0":[4,1],"1":[0,0],"2":[4,0],"3":[2,1],"4":[2,1],"5":[2,1]},"_coverageSchema":"1a1c01bbd47fc00a2c39e90264f33305004495a9","hash":"6d8fc838277b945f52b08104cc05a3879096e57b"}
,"/Users/aangeles/Desktop/projects/demo/google_do_follow_search/server/src/services/strategies/Local.ts": {"path":"/Users/aangeles/Desktop/projects/demo/google_do_follow_search/server/src/services/strategies/Local.ts","statementMap":{"0":{"start":{"line":14,"column":2},"end":{"line":42,"column":6}},"1":{"start":{"line":15,"column":3},"end":{"line":15,"column":36}},"2":{"start":{"line":16,"column":3},"end":{"line":16,"column":39}},"3":{"start":{"line":18,"column":29},"end":{"line":18,"column":46}},"4":{"start":{"line":19,"column":3},"end":{"line":41,"column":5}},"5":{"start":{"line":20,"column":4},"end":{"line":20,"column":38}},"6":{"start":{"line":22,"column":4},"end":{"line":24,"column":5}},"7":{"start":{"line":23,"column":5},"end":{"line":23,"column":72}},"8":{"start":{"line":26,"column":4},"end":{"line":28,"column":5}},"9":{"start":{"line":27,"column":5},"end":{"line":27,"column":162}},"10":{"start":{"line":30,"column":4},"end":{"line":30,"column":40}},"11":{"start":{"line":31,"column":18},"end":{"line":31,"column":54}},"12":{"start":{"line":33,"column":4},"end":{"line":35,"column":5}},"13":{"start":{"line":34,"column":5},"end":{"line":34,"column":70}},"14":{"start":{"line":37,"column":4},"end":{"line":37,"column":28}},"15":{"start":{"line":39,"column":4},"end":{"line":39,"column":30}},"16":{"start":{"line":40,"column":4},"end":{"line":40,"column":19}}},"fnMap":{"0":{"name":"(anonymous_0)","decl":{"start":{"line":13,"column":1},"end":{"line":13,"column":2}},"loc":{"start":{"line":13,"column":41},"end":{"line":43,"column":2}},"line":13},"1":{"name":"(anonymous_1)","decl":{"start":{"line":14,"column":33},"end":{"line":14,"column":34}},"loc":{"start":{"line":14,"column":63},"end":{"line":42,"column":3}},"line":14},"2":{"name":"(anonymous_2)","decl":{"start":{"line":19,"column":53},"end":{"line":19,"column":54}},"loc":{"start":{"line":19,"column":61},"end":{"line":38,"column":4}},"line":19},"3":{"name":"(anonymous_3)","decl":{"start":{"line":38,"column":12},"end":{"line":38,"column":13}},"loc":{"start":{"line":38,"column":17},"end":{"line":41,"column":4}},"line":38}},"branchMap":{"0":{"loc":{"start":{"line":22,"column":4},"end":{"line":24,"column":5}},"type":"if","locations":[{"start":{"line":22,"column":4},"end":{"line":24,"column":5}},{"start":{},"end":{}}],"line":22},"1":{"loc":{"start":{"line":26,"column":4},"end":{"line":28,"column":5}},"type":"if","locations":[{"start":{"line":26,"column":4},"end":{"line":28,"column":5}},{"start":{},"end":{}}],"line":26},"2":{"loc":{"start":{"line":26,"column":8},"end":{"line":26,"column":35}},"type":"binary-expr","locations":[{"start":{"line":26,"column":8},"end":{"line":26,"column":12}},{"start":{"line":26,"column":16},"end":{"line":26,"column":35}}],"line":26},"3":{"loc":{"start":{"line":33,"column":4},"end":{"line":35,"column":5}},"type":"if","locations":[{"start":{"line":33,"column":4},"end":{"line":35,"column":5}},{"start":{},"end":{}}],"line":33}},"s":{"0":4,"1":4,"2":4,"3":4,"4":4,"5":4,"6":4,"7":0,"8":4,"9":0,"10":4,"11":4,"12":4,"13":0,"14":4,"15":0,"16":0},"f":{"0":4,"1":4,"2":4,"3":0},"b":{"0":[0,4],"1":[0,4],"2":[4,4],"3":[0,4]},"_coverageSchema":"1a1c01bbd47fc00a2c39e90264f33305004495a9","hash":"e8d08e5f27c708332ef00729362af81afc29a81a"}
}
