{"/Users/aangeles/Desktop/projects/demo/google_do_follow_search/server/src/controllers/Api/Auth/Login.ts": {"path":"/Users/aangeles/Desktop/projects/demo/google_do_follow_search/server/src/controllers/Api/Auth/Login.ts","statementMap":{"0":{"start":{"line":13,"column":15},"end":{"line":13,"column":34}},"1":{"start":{"line":28,"column":8},"end":{"line":93,"column":9}},"2":{"start":{"line":29,"column":27},"end":{"line":29,"column":64}},"3":{"start":{"line":30,"column":37},"end":{"line":30,"column":54}},"4":{"start":{"line":32,"column":12},"end":{"line":36,"column":13}},"5":{"start":{"line":33,"column":16},"end":{"line":35,"column":29}},"6":{"start":{"line":38,"column":30},"end":{"line":38,"column":61}},"7":{"start":{"line":39,"column":30},"end":{"line":39,"column":65}},"8":{"start":{"line":40,"column":12},"end":{"line":40,"column":42}},"9":{"start":{"line":42,"column":26},"end":{"line":42,"column":71}},"10":{"start":{"line":44,"column":12},"end":{"line":50,"column":13}},"11":{"start":{"line":46,"column":16},"end":{"line":49,"column":29}},"12":{"start":{"line":52,"column":12},"end":{"line":52,"column":53}},"13":{"start":{"line":54,"column":36},"end":{"line":64,"column":13}},"14":{"start":{"line":66,"column":12},"end":{"line":86,"column":31}},"15":{"start":{"line":67,"column":16},"end":{"line":67,"column":61}},"16":{"start":{"line":69,"column":16},"end":{"line":71,"column":17}},"17":{"start":{"line":70,"column":20},"end":{"line":70,"column":37}},"18":{"start":{"line":73,"column":16},"end":{"line":78,"column":17}},"19":{"start":{"line":74,"column":20},"end":{"line":77,"column":33}},"20":{"start":{"line":80,"column":16},"end":{"line":84,"column":19}},"21":{"start":{"line":81,"column":20},"end":{"line":83,"column":33}},"22":{"start":{"line":89,"column":12},"end":{"line":89,"column":56}},"23":{"start":{"line":90,"column":12},"end":{"line":92,"column":25}}},"fnMap":{"0":{"name":"(anonymous_0)","decl":{"start":{"line":27,"column":4},"end":{"line":27,"column":5}},"loc":{"start":{"line":27,"column":90},"end":{"line":94,"column":5}},"line":27},"1":{"name":"(anonymous_1)","decl":{"start":{"line":66,"column":43},"end":{"line":66,"column":44}},"loc":{"start":{"line":66,"column":79},"end":{"line":86,"column":13}},"line":66},"2":{"name":"(anonymous_2)","decl":{"start":{"line":80,"column":52},"end":{"line":80,"column":53}},"loc":{"start":{"line":80,"column":58},"end":{"line":84,"column":17}},"line":80}},"branchMap":{"0":{"loc":{"start":{"line":32,"column":12},"end":{"line":36,"column":13}},"type":"if","locations":[{"start":{"line":32,"column":12},"end":{"line":36,"column":13}},{"start":{},"end":{}}],"line":32},"1":{"loc":{"start":{"line":44,"column":12},"end":{"line":50,"column":13}},"type":"if","locations":[{"start":{"line":44,"column":12},"end":{"line":50,"column":13}},{"start":{},"end":{}}],"line":44},"2":{"loc":{"start":{"line":69,"column":16},"end":{"line":71,"column":17}},"type":"if","locations":[{"start":{"line":69,"column":16},"end":{"line":71,"column":17}},{"start":{},"end":{}}],"line":69},"3":{"loc":{"start":{"line":73,"column":16},"end":{"line":78,"column":17}},"type":"if","locations":[{"start":{"line":73,"column":16},"end":{"line":78,"column":17}},{"start":{},"end":{}}],"line":73},"4":{"loc":{"start":{"line":76,"column":33},"end":{"line":76,"column":57}},"type":"binary-expr","locations":[{"start":{"line":76,"column":33},"end":{"line":76,"column":45}},{"start":{"line":76,"column":49},"end":{"line":76,"column":57}}],"line":76}},"s":{"0":5,"1":10,"2":10,"3":10,"4":10,"5":4,"6":6,"7":6,"8":6,"9":6,"10":6,"11":1,"12":5,"13":5,"14":5,"15":5,"16":5,"17":0,"18":5,"19":0,"20":5,"21":5,"22":0,"23":0},"f":{"0":10,"1":5,"2":5},"b":{"0":[4,6],"1":[1,5],"2":[0,5],"3":[0,5],"4":[0,0]},"_coverageSchema":"1a1c01bbd47fc00a2c39e90264f33305004495a9","hash":"8453cd2af9a7cd8f3d06508c0b27582f73bbaaf0"}
,"/Users/aangeles/Desktop/projects/demo/google_do_follow_search/server/src/controllers/Api/Auth/Logout.ts": {"path":"/Users/aangeles/Desktop/projects/demo/google_do_follow_search/server/src/controllers/Api/Auth/Logout.ts","statementMap":{"0":{"start":{"line":13,"column":2},"end":{"line":24,"column":5}},"1":{"start":{"line":14,"column":3},"end":{"line":16,"column":4}},"2":{"start":{"line":15,"column":4},"end":{"line":15,"column":76}},"3":{"start":{"line":20,"column":3},"end":{"line":23,"column":6}}},"fnMap":{"0":{"name":"(anonymous_0)","decl":{"start":{"line":11,"column":1},"end":{"line":11,"column":2}},"loc":{"start":{"line":11,"column":74},"end":{"line":25,"column":2}},"line":11},"1":{"name":"(anonymous_1)","decl":{"start":{"line":13,"column":22},"end":{"line":13,"column":23}},"loc":{"start":{"line":13,"column":31},"end":{"line":24,"column":3}},"line":13}},"branchMap":{"0":{"loc":{"start":{"line":14,"column":3},"end":{"line":16,"column":4}},"type":"if","locations":[{"start":{"line":14,"column":3},"end":{"line":16,"column":4}},{"start":{},"end":{}}],"line":14}},"s":{"0":2,"1":2,"2":0,"3":2},"f":{"0":2,"1":2},"b":{"0":[0,2]},"_coverageSchema":"1a1c01bbd47fc00a2c39e90264f33305004495a9","hash":"04c10ae2d87ff2ce1b6ccb1343e54c8398d73fe4"}
,"/Users/aangeles/Desktop/projects/demo/google_do_follow_search/server/src/controllers/Api/Auth/Register.ts": {"path":"/Users/aangeles/Desktop/projects/demo/google_do_follow_search/server/src/controllers/Api/Auth/Register.ts","statementMap":{"0":{"start":{"line":24,"column":8},"end":{"line":75,"column":9}},"1":{"start":{"line":25,"column":27},"end":{"line":25,"column":64}},"2":{"start":{"line":26,"column":37},"end":{"line":26,"column":54}},"3":{"start":{"line":28,"column":12},"end":{"line":32,"column":13}},"4":{"start":{"line":29,"column":16},"end":{"line":31,"column":29}},"5":{"start":{"line":34,"column":27},"end":{"line":34,"column":41}},"6":{"start":{"line":35,"column":33},"end":{"line":35,"column":53}},"7":{"start":{"line":36,"column":30},"end":{"line":36,"column":47}},"8":{"start":{"line":37,"column":30},"end":{"line":37,"column":65}},"9":{"start":{"line":38,"column":30},"end":{"line":38,"column":47}},"10":{"start":{"line":39,"column":28},"end":{"line":39,"column":43}},"11":{"start":{"line":41,"column":86},"end":{"line":47,"column":13}},"12":{"start":{"line":49,"column":12},"end":{"line":53,"column":13}},"13":{"start":{"line":49,"column":51},"end":{"line":49,"column":58}},"14":{"start":{"line":50,"column":16},"end":{"line":52,"column":29}},"15":{"start":{"line":51,"column":63},"end":{"line":51,"column":70}},"16":{"start":{"line":55,"column":31},"end":{"line":55,"column":125}},"17":{"start":{"line":57,"column":12},"end":{"line":68,"column":13}},"18":{"start":{"line":58,"column":16},"end":{"line":58,"column":58}},"19":{"start":{"line":59,"column":16},"end":{"line":62,"column":29}},"20":{"start":{"line":64,"column":16},"end":{"line":64,"column":75}},"21":{"start":{"line":65,"column":16},"end":{"line":67,"column":29}},"22":{"start":{"line":71,"column":12},"end":{"line":71,"column":56}},"23":{"start":{"line":72,"column":12},"end":{"line":74,"column":25}},"24":{"start":{"line":85,"column":8},"end":{"line":90,"column":9}},"25":{"start":{"line":87,"column":12},"end":{"line":87,"column":54}},"26":{"start":{"line":89,"column":12},"end":{"line":89,"column":25}},"27":{"start":{"line":100,"column":8},"end":{"line":104,"column":9}},"28":{"start":{"line":101,"column":12},"end":{"line":101,"column":94}},"29":{"start":{"line":103,"column":12},"end":{"line":103,"column":35}}},"fnMap":{"0":{"name":"(anonymous_0)","decl":{"start":{"line":23,"column":4},"end":{"line":23,"column":5}},"loc":{"start":{"line":23,"column":77},"end":{"line":76,"column":5}},"line":23},"1":{"name":"(anonymous_1)","decl":{"start":{"line":49,"column":46},"end":{"line":49,"column":47}},"loc":{"start":{"line":49,"column":51},"end":{"line":49,"column":58}},"line":49},"2":{"name":"(anonymous_2)","decl":{"start":{"line":51,"column":58},"end":{"line":51,"column":59}},"loc":{"start":{"line":51,"column":63},"end":{"line":51,"column":70}},"line":51},"3":{"name":"(anonymous_3)","decl":{"start":{"line":84,"column":4},"end":{"line":84,"column":5}},"loc":{"start":{"line":84,"column":51},"end":{"line":91,"column":5}},"line":84},"4":{"name":"(anonymous_4)","decl":{"start":{"line":99,"column":4},"end":{"line":99,"column":5}},"loc":{"start":{"line":99,"column":39},"end":{"line":105,"column":5}},"line":99}},"branchMap":{"0":{"loc":{"start":{"line":28,"column":12},"end":{"line":32,"column":13}},"type":"if","locations":[{"start":{"line":28,"column":12},"end":{"line":32,"column":13}},{"start":{},"end":{}}],"line":28},"1":{"loc":{"start":{"line":49,"column":12},"end":{"line":53,"column":13}},"type":"if","locations":[{"start":{"line":49,"column":12},"end":{"line":53,"column":13}},{"start":{},"end":{}}],"line":49},"2":{"loc":{"start":{"line":57,"column":12},"end":{"line":68,"column":13}},"type":"if","locations":[{"start":{"line":57,"column":12},"end":{"line":68,"column":13}},{"start":{"line":63,"column":19},"end":{"line":68,"column":13}}],"line":57},"3":{"loc":{"start":{"line":85,"column":8},"end":{"line":90,"column":9}},"type":"if","locations":[{"start":{"line":85,"column":8},"end":{"line":90,"column":9}},{"start":{"line":88,"column":15},"end":{"line":90,"column":9}}],"line":85}},"s":{"0":14,"1":14,"2":14,"3":14,"4":11,"5":3,"6":3,"7":3,"8":3,"9":3,"10":3,"11":3,"12":3,"13":9,"14":3,"15":9,"16":0,"17":0,"18":0,"19":0,"20":0,"21":0,"22":0,"23":0,"24":14,"25":4,"26":10,"27":14,"28":14,"29":0},"f":{"0":14,"1":9,"2":9,"3":14,"4":14},"b":{"0":[11,3],"1":[3,0],"2":[0,0],"3":[4,10]},"_coverageSchema":"1a1c01bbd47fc00a2c39e90264f33305004495a9","hash":"b16974defc45e52e4faaad062d29ed148d68ca69"}
,"/Users/aangeles/Desktop/projects/demo/google_do_follow_search/server/src/controllers/Api/Auth/Session.ts": {"path":"/Users/aangeles/Desktop/projects/demo/google_do_follow_search/server/src/controllers/Api/Auth/Session.ts","statementMap":{"0":{"start":{"line":13,"column":8},"end":{"line":31,"column":9}},"1":{"start":{"line":16,"column":12},"end":{"line":22,"column":13}},"2":{"start":{"line":17,"column":16},"end":{"line":20,"column":18}},"3":{"start":{"line":21,"column":16},"end":{"line":21,"column":72}},"4":{"start":{"line":24,"column":12},"end":{"line":27,"column":14}},"5":{"start":{"line":28,"column":12},"end":{"line":28,"column":68}},"6":{"start":{"line":30,"column":12},"end":{"line":30,"column":87}}},"fnMap":{"0":{"name":"(anonymous_0)","decl":{"start":{"line":12,"column":4},"end":{"line":12,"column":5}},"loc":{"start":{"line":12,"column":77},"end":{"line":32,"column":5}},"line":12}},"branchMap":{"0":{"loc":{"start":{"line":16,"column":12},"end":{"line":22,"column":13}},"type":"if","locations":[{"start":{"line":16,"column":12},"end":{"line":22,"column":13}},{"start":{},"end":{}}],"line":16}},"s":{"0":2,"1":2,"2":1,"3":1,"4":1,"5":1,"6":0},"f":{"0":2},"b":{"0":[1,1]},"_coverageSchema":"1a1c01bbd47fc00a2c39e90264f33305004495a9","hash":"39da2207d9b62a539be83716c50ae84e2641d3a3"}
,"/Users/aangeles/Desktop/projects/demo/google_do_follow_search/server/src/controllers/Api/Pages/PageSource.ts": {"path":"/Users/aangeles/Desktop/projects/demo/google_do_follow_search/server/src/controllers/Api/Pages/PageSource.ts","statementMap":{"0":{"start":{"line":10,"column":14},"end":{"line":10,"column":32}},"1":{"start":{"line":14,"column":23},"end":{"line":14,"column":44}},"2":{"start":{"line":16,"column":8},"end":{"line":20,"column":9}},"3":{"start":{"line":17,"column":12},"end":{"line":19,"column":15}},"4":{"start":{"line":22,"column":8},"end":{"line":27,"column":11}},"5":{"start":{"line":23,"column":12},"end":{"line":25,"column":13}},"6":{"start":{"line":24,"column":16},"end":{"line":24,"column":112}},"7":{"start":{"line":26,"column":12},"end":{"line":26,"column":98}}},"fnMap":{"0":{"name":"(anonymous_0)","decl":{"start":{"line":13,"column":4},"end":{"line":13,"column":5}},"loc":{"start":{"line":13,"column":83},"end":{"line":28,"column":5}},"line":13},"1":{"name":"(anonymous_1)","decl":{"start":{"line":22,"column":30},"end":{"line":22,"column":31}},"loc":{"start":{"line":22,"column":63},"end":{"line":27,"column":9}},"line":22}},"branchMap":{"0":{"loc":{"start":{"line":16,"column":8},"end":{"line":20,"column":9}},"type":"if","locations":[{"start":{"line":16,"column":8},"end":{"line":20,"column":9}},{"start":{},"end":{}}],"line":16},"1":{"loc":{"start":{"line":23,"column":12},"end":{"line":25,"column":13}},"type":"if","locations":[{"start":{"line":23,"column":12},"end":{"line":25,"column":13}},{"start":{},"end":{}}],"line":23}},"s":{"0":5,"1":2,"2":2,"3":1,"4":1,"5":1,"6":0,"7":1},"f":{"0":2,"1":1},"b":{"0":[1,1],"1":[0,1]},"_coverageSchema":"1a1c01bbd47fc00a2c39e90264f33305004495a9","hash":"d5127b51af42b31335f56e849214853d70cd53e8"}
,"/Users/aangeles/Desktop/projects/demo/google_do_follow_search/server/src/core/ApiResponse.ts": {"path":"/Users/aangeles/Desktop/projects/demo/google_do_follow_search/server/src/core/ApiResponse.ts","statementMap":{"0":{"start":{"line":34,"column":8},"end":{"line":34,"column":76}},"1":{"start":{"line":38,"column":8},"end":{"line":38,"column":52}},"2":{"start":{"line":42,"column":25},"end":{"line":42,"column":32}},"3":{"start":{"line":43,"column":8},"end":{"line":43,"column":39}},"4":{"start":{"line":45,"column":8},"end":{"line":45,"column":28}},"5":{"start":{"line":46,"column":8},"end":{"line":46,"column":84}},"6":{"start":{"line":46,"column":31},"end":{"line":46,"column":84}},"7":{"start":{"line":46,"column":68},"end":{"line":46,"column":84}},"8":{"start":{"line":47,"column":8},"end":{"line":47,"column":21}},"9":{"start":{"line":53,"column":8},"end":{"line":53,"column":72}},"10":{"start":{"line":61,"column":8},"end":{"line":61,"column":69}},"11":{"start":{"line":65,"column":8},"end":{"line":65,"column":40}},"12":{"start":{"line":66,"column":8},"end":{"line":66,"column":58}},"13":{"start":{"line":72,"column":8},"end":{"line":72,"column":69}},"14":{"start":{"line":78,"column":8},"end":{"line":78,"column":71}},"15":{"start":{"line":84,"column":8},"end":{"line":84,"column":74}},"16":{"start":{"line":90,"column":8},"end":{"line":90,"column":67}},"17":{"start":{"line":96,"column":8},"end":{"line":96,"column":67}},"18":{"start":{"line":102,"column":8},"end":{"line":102,"column":67}},"19":{"start":{"line":106,"column":8},"end":{"line":106,"column":60}},"20":{"start":{"line":111,"column":26},"end":{"line":111,"column":41}},"21":{"start":{"line":114,"column":8},"end":{"line":114,"column":85}},"22":{"start":{"line":118,"column":8},"end":{"line":118,"column":55}},"23":{"start":{"line":119,"column":8},"end":{"line":119,"column":66}},"24":{"start":{"line":125,"column":8},"end":{"line":125,"column":67}},"25":{"start":{"line":129,"column":8},"end":{"line":129,"column":62}}},"fnMap":{"0":{"name":"(anonymous_0)","decl":{"start":{"line":27,"column":4},"end":{"line":27,"column":5}},"loc":{"start":{"line":31,"column":6},"end":{"line":31,"column":9}},"line":31},"1":{"name":"(anonymous_1)","decl":{"start":{"line":33,"column":4},"end":{"line":33,"column":5}},"loc":{"start":{"line":33,"column":83},"end":{"line":35,"column":5}},"line":33},"2":{"name":"(anonymous_2)","decl":{"start":{"line":37,"column":4},"end":{"line":37,"column":5}},"loc":{"start":{"line":37,"column":41},"end":{"line":39,"column":5}},"line":37},"3":{"name":"(anonymous_3)","decl":{"start":{"line":41,"column":4},"end":{"line":41,"column":5}},"loc":{"start":{"line":41,"column":67},"end":{"line":48,"column":5}},"line":41},"4":{"name":"(anonymous_4)","decl":{"start":{"line":52,"column":4},"end":{"line":52,"column":5}},"loc":{"start":{"line":52,"column":62},"end":{"line":54,"column":5}},"line":52},"5":{"name":"(anonymous_5)","decl":{"start":{"line":60,"column":4},"end":{"line":60,"column":5}},"loc":{"start":{"line":60,"column":39},"end":{"line":62,"column":5}},"line":60},"6":{"name":"(anonymous_6)","decl":{"start":{"line":64,"column":4},"end":{"line":64,"column":5}},"loc":{"start":{"line":64,"column":34},"end":{"line":67,"column":5}},"line":64},"7":{"name":"(anonymous_7)","decl":{"start":{"line":71,"column":4},"end":{"line":71,"column":5}},"loc":{"start":{"line":71,"column":39},"end":{"line":73,"column":5}},"line":71},"8":{"name":"(anonymous_8)","decl":{"start":{"line":77,"column":4},"end":{"line":77,"column":5}},"loc":{"start":{"line":77,"column":62},"end":{"line":79,"column":5}},"line":77},"9":{"name":"(anonymous_9)","decl":{"start":{"line":83,"column":4},"end":{"line":83,"column":5}},"loc":{"start":{"line":83,"column":62},"end":{"line":85,"column":5}},"line":83},"10":{"name":"(anonymous_10)","decl":{"start":{"line":89,"column":4},"end":{"line":89,"column":5}},"loc":{"start":{"line":89,"column":33},"end":{"line":91,"column":5}},"line":89},"11":{"name":"(anonymous_11)","decl":{"start":{"line":95,"column":4},"end":{"line":95,"column":5}},"loc":{"start":{"line":95,"column":33},"end":{"line":97,"column":5}},"line":95},"12":{"name":"(anonymous_12)","decl":{"start":{"line":101,"column":4},"end":{"line":101,"column":5}},"loc":{"start":{"line":101,"column":51},"end":{"line":103,"column":5}},"line":101},"13":{"name":"(anonymous_13)","decl":{"start":{"line":105,"column":4},"end":{"line":105,"column":5}},"loc":{"start":{"line":105,"column":34},"end":{"line":107,"column":5}},"line":105},"14":{"name":"(anonymous_14)","decl":{"start":{"line":113,"column":4},"end":{"line":113,"column":5}},"loc":{"start":{"line":113,"column":50},"end":{"line":115,"column":5}},"line":113},"15":{"name":"(anonymous_15)","decl":{"start":{"line":117,"column":4},"end":{"line":117,"column":5}},"loc":{"start":{"line":117,"column":34},"end":{"line":120,"column":5}},"line":117},"16":{"name":"(anonymous_16)","decl":{"start":{"line":124,"column":4},"end":{"line":124,"column":5}},"loc":{"start":{"line":124,"column":92},"end":{"line":126,"column":5}},"line":124},"17":{"name":"(anonymous_17)","decl":{"start":{"line":128,"column":4},"end":{"line":128,"column":5}},"loc":{"start":{"line":128,"column":34},"end":{"line":130,"column":5}},"line":128}},"branchMap":{"0":{"loc":{"start":{"line":46,"column":31},"end":{"line":46,"column":84}},"type":"if","locations":[{"start":{"line":46,"column":31},"end":{"line":46,"column":84}},{"start":{},"end":{}}],"line":46},"1":{"loc":{"start":{"line":52,"column":16},"end":{"line":52,"column":50}},"type":"default-arg","locations":[{"start":{"line":52,"column":26},"end":{"line":52,"column":50}}],"line":52},"2":{"loc":{"start":{"line":60,"column":16},"end":{"line":60,"column":37}},"type":"default-arg","locations":[{"start":{"line":60,"column":26},"end":{"line":60,"column":37}}],"line":60},"3":{"loc":{"start":{"line":71,"column":16},"end":{"line":71,"column":37}},"type":"default-arg","locations":[{"start":{"line":71,"column":26},"end":{"line":71,"column":37}}],"line":71},"4":{"loc":{"start":{"line":77,"column":16},"end":{"line":77,"column":42}},"type":"default-arg","locations":[{"start":{"line":77,"column":26},"end":{"line":77,"column":42}}],"line":77},"5":{"loc":{"start":{"line":83,"column":16},"end":{"line":83,"column":42}},"type":"default-arg","locations":[{"start":{"line":83,"column":26},"end":{"line":83,"column":42}}],"line":83},"6":{"loc":{"start":{"line":113,"column":16},"end":{"line":113,"column":48}},"type":"default-arg","locations":[{"start":{"line":113,"column":26},"end":{"line":113,"column":48}}],"line":113}},"s":{"0":26,"1":0,"2":26,"3":26,"4":26,"5":26,"6":78,"7":0,"8":26,"9":0,"10":0,"11":0,"12":0,"13":0,"14":0,"15":0,"16":0,"17":0,"18":26,"19":26,"20":0,"21":0,"22":0,"23":0,"24":0,"25":0},"f":{"0":26,"1":26,"2":0,"3":26,"4":0,"5":0,"6":0,"7":0,"8":0,"9":0,"10":0,"11":0,"12":26,"13":26,"14":0,"15":0,"16":0,"17":0},"b":{"0":[0,78],"1":[0],"2":[0],"3":[0],"4":[0],"5":[0],"6":[0]},"_coverageSchema":"1a1c01bbd47fc00a2c39e90264f33305004495a9","hash":"641ad621e3fd727352ce8e27eab4d8eb5e92432d"}
,"/Users/aangeles/Desktop/projects/demo/google_do_follow_search/server/src/middlewares/Log.ts": {"path":"/Users/aangeles/Desktop/projects/demo/google_do_follow_search/server/src/middlewares/Log.ts","statementMap":{"0":{"start":{"line":15,"column":22},"end":{"line":15,"column":32}},"1":{"start":{"line":18,"column":20},"end":{"line":18,"column":104}},"2":{"start":{"line":19,"column":20},"end":{"line":19,"column":100}},"3":{"start":{"line":21,"column":2},"end":{"line":21,"column":54}},"4":{"start":{"line":23,"column":2},"end":{"line":23,"column":39}},"5":{"start":{"line":24,"column":2},"end":{"line":24,"column":54}},"6":{"start":{"line":29,"column":2},"end":{"line":29,"column":31}},"7":{"start":{"line":34,"column":2},"end":{"line":34,"column":31}},"8":{"start":{"line":40,"column":2},"end":{"line":40,"column":77}},"9":{"start":{"line":42,"column":2},"end":{"line":42,"column":32}},"10":{"start":{"line":47,"column":2},"end":{"line":47,"column":34}},"11":{"start":{"line":55,"column":16},"end":{"line":55,"column":20}},"12":{"start":{"line":56,"column":2},"end":{"line":56,"column":30}},"13":{"start":{"line":58,"column":2},"end":{"line":77,"column":5}},"14":{"start":{"line":59,"column":3},"end":{"line":76,"column":4}},"15":{"start":{"line":61,"column":4},"end":{"line":73,"column":7}},"16":{"start":{"line":62,"column":5},"end":{"line":72,"column":6}},"17":{"start":{"line":63,"column":6},"end":{"line":69,"column":9}},"18":{"start":{"line":64,"column":7},"end":{"line":68,"column":8}},"19":{"start":{"line":65,"column":8},"end":{"line":65,"column":20}},"20":{"start":{"line":67,"column":8},"end":{"line":67,"column":98}},"21":{"start":{"line":71,"column":6},"end":{"line":71,"column":81}},"22":{"start":{"line":75,"column":4},"end":{"line":75,"column":95}}},"fnMap":{"0":{"name":"(anonymous_0)","decl":{"start":{"line":17,"column":1},"end":{"line":17,"column":2}},"loc":{"start":{"line":17,"column":15},"end":{"line":25,"column":2}},"line":17},"1":{"name":"(anonymous_1)","decl":{"start":{"line":28,"column":1},"end":{"line":28,"column":2}},"loc":{"start":{"line":28,"column":36},"end":{"line":30,"column":2}},"line":28},"2":{"name":"(anonymous_2)","decl":{"start":{"line":33,"column":1},"end":{"line":33,"column":2}},"loc":{"start":{"line":33,"column":36},"end":{"line":35,"column":2}},"line":33},"3":{"name":"(anonymous_3)","decl":{"start":{"line":38,"column":1},"end":{"line":38,"column":2}},"loc":{"start":{"line":38,"column":37},"end":{"line":43,"column":2}},"line":38},"4":{"name":"(anonymous_4)","decl":{"start":{"line":46,"column":1},"end":{"line":46,"column":2}},"loc":{"start":{"line":46,"column":57},"end":{"line":48,"column":2}},"line":46},"5":{"name":"(anonymous_5)","decl":{"start":{"line":54,"column":1},"end":{"line":54,"column":2}},"loc":{"start":{"line":54,"column":54},"end":{"line":78,"column":2}},"line":54},"6":{"name":"(anonymous_6)","decl":{"start":{"line":58,"column":52},"end":{"line":58,"column":53}},"loc":{"start":{"line":58,"column":79},"end":{"line":77,"column":3}},"line":58},"7":{"name":"(anonymous_7)","decl":{"start":{"line":61,"column":82},"end":{"line":61,"column":83}},"loc":{"start":{"line":61,"column":92},"end":{"line":73,"column":5}},"line":61},"8":{"name":"(anonymous_8)","decl":{"start":{"line":63,"column":32},"end":{"line":63,"column":33}},"loc":{"start":{"line":63,"column":42},"end":{"line":69,"column":7}},"line":63},"9":{"name":"(anonymous_9)","decl":{"start":{"line":85,"column":1},"end":{"line":85,"column":2}},"loc":{"start":{"line":85,"column":22},"end":{"line":87,"column":2}},"line":85}},"branchMap":{"0":{"loc":{"start":{"line":59,"column":3},"end":{"line":76,"column":4}},"type":"if","locations":[{"start":{"line":59,"column":3},"end":{"line":76,"column":4}},{"start":{"line":74,"column":10},"end":{"line":76,"column":4}}],"line":59},"1":{"loc":{"start":{"line":59,"column":7},"end":{"line":59,"column":31}},"type":"binary-expr","locations":[{"start":{"line":59,"column":7},"end":{"line":59,"column":12}},{"start":{"line":59,"column":16},"end":{"line":59,"column":31}}],"line":59},"2":{"loc":{"start":{"line":62,"column":5},"end":{"line":72,"column":6}},"type":"if","locations":[{"start":{"line":62,"column":5},"end":{"line":72,"column":6}},{"start":{"line":70,"column":12},"end":{"line":72,"column":6}}],"line":62},"3":{"loc":{"start":{"line":64,"column":7},"end":{"line":68,"column":8}},"type":"if","locations":[{"start":{"line":64,"column":7},"end":{"line":68,"column":8}},{"start":{"line":66,"column":14},"end":{"line":68,"column":8}}],"line":64}},"s":{"0":5,"1":5,"2":5,"3":5,"4":5,"5":5,"6":80,"7":0,"8":0,"9":0,"10":0,"11":80,"12":80,"13":80,"14":80,"15":80,"16":74,"17":74,"18":74,"19":74,"20":0,"21":0,"22":0},"f":{"0":5,"1":80,"2":0,"3":0,"4":0,"5":80,"6":80,"7":74,"8":74,"9":0},"b":{"0":[80,0],"1":[80,80],"2":[74,0],"3":[74,0]},"_coverageSchema":"1a1c01bbd47fc00a2c39e90264f33305004495a9","hash":"896d7edef2463158b168fad565d65c320d920fd6"}
,"/Users/aangeles/Desktop/projects/demo/google_do_follow_search/server/src/providers/Database.ts": {"path":"/Users/aangeles/Desktop/projects/demo/google_do_follow_search/server/src/providers/Database.ts","statementMap":{"0":{"start":{"line":7,"column":17},"end":{"line":7,"column":30}},"1":{"start":{"line":17,"column":8},"end":{"line":20,"column":11}},"2":{"start":{"line":29,"column":8},"end":{"line":29,"column":111}},"3":{"start":{"line":30,"column":8},"end":{"line":37,"column":9}},"4":{"start":{"line":31,"column":25},"end":{"line":31,"column":61}},"5":{"start":{"line":32,"column":12},"end":{"line":32,"column":74}},"6":{"start":{"line":33,"column":12},"end":{"line":33,"column":26}},"7":{"start":{"line":35,"column":12},"end":{"line":35,"column":114}},"8":{"start":{"line":36,"column":12},"end":{"line":36,"column":43}},"9":{"start":{"line":45,"column":8},"end":{"line":45,"column":37}},"10":{"start":{"line":46,"column":23},"end":{"line":46,"column":50}},"11":{"start":{"line":47,"column":8},"end":{"line":53,"column":9}},"12":{"start":{"line":48,"column":12},"end":{"line":48,"column":40}},"13":{"start":{"line":49,"column":12},"end":{"line":49,"column":26}},"14":{"start":{"line":51,"column":12},"end":{"line":51,"column":66}},"15":{"start":{"line":52,"column":12},"end":{"line":52,"column":43}},"16":{"start":{"line":63,"column":8},"end":{"line":63,"column":120}},"17":{"start":{"line":64,"column":8},"end":{"line":64,"column":39}},"18":{"start":{"line":65,"column":8},"end":{"line":72,"column":9}},"19":{"start":{"line":66,"column":25},"end":{"line":66,"column":56}},"20":{"start":{"line":67,"column":12},"end":{"line":67,"column":83}},"21":{"start":{"line":68,"column":12},"end":{"line":68,"column":25}},"22":{"start":{"line":70,"column":12},"end":{"line":70,"column":123}},"23":{"start":{"line":71,"column":12},"end":{"line":71,"column":43}},"24":{"start":{"line":82,"column":8},"end":{"line":82,"column":123}},"25":{"start":{"line":83,"column":8},"end":{"line":96,"column":9}},"26":{"start":{"line":84,"column":12},"end":{"line":93,"column":13}},"27":{"start":{"line":85,"column":16},"end":{"line":92,"column":17}},"28":{"start":{"line":86,"column":20},"end":{"line":86,"column":68}},"29":{"start":{"line":87,"column":20},"end":{"line":87,"column":79}},"30":{"start":{"line":88,"column":20},"end":{"line":88,"column":63}},"31":{"start":{"line":90,"column":20},"end":{"line":90,"column":79}},"32":{"start":{"line":91,"column":20},"end":{"line":91,"column":51}},"33":{"start":{"line":95,"column":12},"end":{"line":95,"column":72}},"34":{"start":{"line":103,"column":8},"end":{"line":115,"column":9}},"35":{"start":{"line":104,"column":12},"end":{"line":112,"column":13}},"36":{"start":{"line":105,"column":16},"end":{"line":105,"column":53}},"37":{"start":{"line":106,"column":16},"end":{"line":106,"column":47}},"38":{"start":{"line":108,"column":16},"end":{"line":108,"column":47}},"39":{"start":{"line":110,"column":16},"end":{"line":110,"column":33}},"40":{"start":{"line":111,"column":16},"end":{"line":111,"column":59}},"41":{"start":{"line":114,"column":12},"end":{"line":114,"column":66}},"42":{"start":{"line":122,"column":8},"end":{"line":130,"column":9}},"43":{"start":{"line":123,"column":12},"end":{"line":123,"column":41}},"44":{"start":{"line":125,"column":12},"end":{"line":125,"column":56}},"45":{"start":{"line":126,"column":12},"end":{"line":126,"column":43}},"46":{"start":{"line":128,"column":12},"end":{"line":128,"column":29}},"47":{"start":{"line":129,"column":12},"end":{"line":129,"column":53}}},"fnMap":{"0":{"name":"(anonymous_0)","decl":{"start":{"line":16,"column":4},"end":{"line":16,"column":5}},"loc":{"start":{"line":16,"column":18},"end":{"line":21,"column":5}},"line":16},"1":{"name":"(anonymous_1)","decl":{"start":{"line":28,"column":4},"end":{"line":28,"column":5}},"loc":{"start":{"line":28,"column":59},"end":{"line":38,"column":5}},"line":28},"2":{"name":"(anonymous_2)","decl":{"start":{"line":44,"column":4},"end":{"line":44,"column":5}},"loc":{"start":{"line":44,"column":34},"end":{"line":54,"column":5}},"line":44},"3":{"name":"(anonymous_3)","decl":{"start":{"line":62,"column":4},"end":{"line":62,"column":5}},"loc":{"start":{"line":62,"column":76},"end":{"line":73,"column":5}},"line":62},"4":{"name":"(anonymous_4)","decl":{"start":{"line":81,"column":4},"end":{"line":81,"column":5}},"loc":{"start":{"line":81,"column":65},"end":{"line":97,"column":5}},"line":81},"5":{"name":"(anonymous_5)","decl":{"start":{"line":102,"column":4},"end":{"line":102,"column":5}},"loc":{"start":{"line":102,"column":49},"end":{"line":116,"column":5}},"line":102},"6":{"name":"(anonymous_6)","decl":{"start":{"line":121,"column":4},"end":{"line":121,"column":5}},"loc":{"start":{"line":121,"column":47},"end":{"line":131,"column":5}},"line":121}},"branchMap":{"0":{"loc":{"start":{"line":83,"column":8},"end":{"line":96,"column":9}},"type":"if","locations":[{"start":{"line":83,"column":8},"end":{"line":96,"column":9}},{"start":{"line":94,"column":15},"end":{"line":96,"column":9}}],"line":83},"1":{"loc":{"start":{"line":103,"column":8},"end":{"line":115,"column":9}},"type":"if","locations":[{"start":{"line":103,"column":8},"end":{"line":115,"column":9}},{"start":{"line":113,"column":15},"end":{"line":115,"column":9}}],"line":103},"2":{"loc":{"start":{"line":103,"column":12},"end":{"line":103,"column":51}},"type":"binary-expr","locations":[{"start":{"line":103,"column":12},"end":{"line":103,"column":41}},{"start":{"line":103,"column":45},"end":{"line":103,"column":51}}],"line":103}},"s":{"0":5,"1":5,"2":25,"3":25,"4":25,"5":25,"6":25,"7":0,"8":0,"9":0,"10":0,"11":0,"12":0,"13":0,"14":0,"15":0,"16":0,"17":0,"18":0,"19":0,"20":0,"21":0,"22":0,"23":0,"24":0,"25":0,"26":0,"27":0,"28":0,"29":0,"30":0,"31":0,"32":0,"33":0,"34":0,"35":0,"36":0,"37":0,"38":0,"39":0,"40":0,"41":0,"42":0,"43":0,"44":0,"45":0,"46":0,"47":0},"f":{"0":5,"1":25,"2":0,"3":0,"4":0,"5":0,"6":0},"b":{"0":[0,0],"1":[0,0],"2":[0,0]},"_coverageSchema":"1a1c01bbd47fc00a2c39e90264f33305004495a9","hash":"a350f53c105eec076fd9a2fbd5d1d107a0fda084"}
,"/Users/aangeles/Desktop/projects/demo/google_do_follow_search/server/src/providers/Encryptions.ts": {"path":"/Users/aangeles/Desktop/projects/demo/google_do_follow_search/server/src/providers/Encryptions.ts","statementMap":{"0":{"start":{"line":20,"column":8},"end":{"line":27,"column":9}},"1":{"start":{"line":21,"column":12},"end":{"line":24,"column":14}},"2":{"start":{"line":26,"column":12},"end":{"line":26,"column":35}},"3":{"start":{"line":36,"column":8},"end":{"line":40,"column":9}},"4":{"start":{"line":37,"column":12},"end":{"line":37,"column":71}},"5":{"start":{"line":39,"column":12},"end":{"line":39,"column":43}}},"fnMap":{"0":{"name":"(anonymous_0)","decl":{"start":{"line":19,"column":4},"end":{"line":19,"column":5}},"loc":{"start":{"line":19,"column":91},"end":{"line":28,"column":5}},"line":19},"1":{"name":"(anonymous_1)","decl":{"start":{"line":35,"column":4},"end":{"line":35,"column":5}},"loc":{"start":{"line":35,"column":49},"end":{"line":41,"column":5}},"line":35}},"branchMap":{},"s":{"0":0,"1":0,"2":0,"3":9,"4":9,"5":0},"f":{"0":0,"1":9},"b":{},"_coverageSchema":"1a1c01bbd47fc00a2c39e90264f33305004495a9","hash":"cd71c5b49030a871ed1e911ac93ef6749ff69ca1"}
,"/Users/aangeles/Desktop/projects/demo/google_do_follow_search/server/src/providers/ExpressValidation.ts": {"path":"/Users/aangeles/Desktop/projects/demo/google_do_follow_search/server/src/providers/ExpressValidation.ts","statementMap":{"0":{"start":{"line":13,"column":8},"end":{"line":21,"column":10}},"1":{"start":{"line":15,"column":50},"end":{"line":15,"column":55}},"2":{"start":{"line":16,"column":16},"end":{"line":19,"column":18}}},"fnMap":{"0":{"name":"(anonymous_0)","decl":{"start":{"line":12,"column":4},"end":{"line":12,"column":5}},"loc":{"start":{"line":12,"column":18},"end":{"line":22,"column":5}},"line":12},"1":{"name":"(anonymous_1)","decl":{"start":{"line":14,"column":23},"end":{"line":14,"column":24}},"loc":{"start":{"line":14,"column":32},"end":{"line":20,"column":13}},"line":14}},"branchMap":{},"s":{"0":24,"1":23,"2":23},"f":{"0":24,"1":23},"b":{},"_coverageSchema":"1a1c01bbd47fc00a2c39e90264f33305004495a9","hash":"bd7d40e978dd44b06cb10c29f1c98924419a7a2a"}
,"/Users/aangeles/Desktop/projects/demo/google_do_follow_search/server/src/providers/Locals.ts": {"path":"/Users/aangeles/Desktop/projects/demo/google_do_follow_search/server/src/providers/Locals.ts","statementMap":{"0":{"start":{"line":16,"column":21},"end":{"line":16,"column":45}},"1":{"start":{"line":17,"column":29},"end":{"line":17,"column":99}},"2":{"start":{"line":19,"column":26},"end":{"line":19,"column":64}},"3":{"start":{"line":20,"column":26},"end":{"line":20,"column":57}},"4":{"start":{"line":23,"column":20},"end":{"line":23,"column":43}},"5":{"start":{"line":26,"column":8},"end":{"line":32,"column":9}},"6":{"start":{"line":39,"column":8},"end":{"line":39,"column":44}},"7":{"start":{"line":40,"column":8},"end":{"line":40,"column":24}}},"fnMap":{"0":{"name":"(anonymous_0)","decl":{"start":{"line":15,"column":4},"end":{"line":15,"column":5}},"loc":{"start":{"line":15,"column":32},"end":{"line":33,"column":5}},"line":15},"1":{"name":"(anonymous_1)","decl":{"start":{"line":38,"column":4},"end":{"line":38,"column":5}},"loc":{"start":{"line":38,"column":59},"end":{"line":41,"column":5}},"line":38}},"branchMap":{"0":{"loc":{"start":{"line":16,"column":21},"end":{"line":16,"column":45}},"type":"binary-expr","locations":[{"start":{"line":16,"column":21},"end":{"line":16,"column":37}},{"start":{"line":16,"column":41},"end":{"line":16,"column":45}}],"line":16},"1":{"loc":{"start":{"line":17,"column":29},"end":{"line":17,"column":99}},"type":"binary-expr","locations":[{"start":{"line":17,"column":29},"end":{"line":17,"column":53}},{"start":{"line":17,"column":57},"end":{"line":17,"column":99}}],"line":17},"2":{"loc":{"start":{"line":19,"column":26},"end":{"line":19,"column":64}},"type":"binary-expr","locations":[{"start":{"line":19,"column":26},"end":{"line":19,"column":48}},{"start":{"line":19,"column":52},"end":{"line":19,"column":64}}],"line":19},"3":{"loc":{"start":{"line":20,"column":26},"end":{"line":20,"column":57}},"type":"binary-expr","locations":[{"start":{"line":20,"column":26},"end":{"line":20,"column":48}},{"start":{"line":20,"column":52},"end":{"line":20,"column":57}}],"line":20}},"s":{"0":14,"1":14,"2":14,"3":14,"4":14,"5":14,"6":0,"7":0},"f":{"0":14,"1":0},"b":{"0":[14,14],"1":[14,14],"2":[14,14],"3":[14,14]},"_coverageSchema":"1a1c01bbd47fc00a2c39e90264f33305004495a9","hash":"d90da702005fbf6c57c907c96cbb78b2c3c5f51a"}
,"/Users/aangeles/Desktop/projects/demo/google_do_follow_search/server/src/providers/Passport.ts": {"path":"/Users/aangeles/Desktop/projects/demo/google_do_follow_search/server/src/providers/Passport.ts","statementMap":{"0":{"start":{"line":22,"column":28},"end":{"line":22,"column":45}},"1":{"start":{"line":24,"column":2},"end":{"line":24,"column":40}},"2":{"start":{"line":26,"column":2},"end":{"line":26,"column":54}},"3":{"start":{"line":27,"column":2},"end":{"line":27,"column":51}},"4":{"start":{"line":29,"column":2},"end":{"line":31,"column":5}},"5":{"start":{"line":30,"column":3},"end":{"line":30,"column":20}},"6":{"start":{"line":33,"column":2},"end":{"line":39,"column":5}},"7":{"start":{"line":34,"column":3},"end":{"line":38,"column":5}},"8":{"start":{"line":35,"column":4},"end":{"line":35,"column":18}},"9":{"start":{"line":37,"column":4},"end":{"line":37,"column":18}},"10":{"start":{"line":41,"column":2},"end":{"line":41,"column":43}},"11":{"start":{"line":43,"column":2},"end":{"line":43,"column":18}},"12":{"start":{"line":47,"column":2},"end":{"line":51,"column":3}},"13":{"start":{"line":48,"column":3},"end":{"line":48,"column":32}},"14":{"start":{"line":50,"column":3},"end":{"line":50,"column":25}},"15":{"start":{"line":55,"column":2},"end":{"line":57,"column":3}},"16":{"start":{"line":56,"column":3},"end":{"line":56,"column":17}},"17":{"start":{"line":59,"column":2},"end":{"line":61,"column":5}},"18":{"start":{"line":65,"column":19},"end":{"line":65,"column":51}},"19":{"start":{"line":66,"column":16},"end":{"line":66,"column":88}},"20":{"start":{"line":66,"column":64},"end":{"line":66,"column":87}},"21":{"start":{"line":67,"column":2},"end":{"line":71,"column":3}},"22":{"start":{"line":68,"column":3},"end":{"line":68,"column":17}},"23":{"start":{"line":70,"column":3},"end":{"line":70,"column":44}}},"fnMap":{"0":{"name":"(anonymous_0)","decl":{"start":{"line":20,"column":1},"end":{"line":20,"column":2}},"loc":{"start":{"line":20,"column":94},"end":{"line":44,"column":2}},"line":20},"1":{"name":"(anonymous_1)","decl":{"start":{"line":29,"column":40},"end":{"line":29,"column":41}},"loc":{"start":{"line":29,"column":61},"end":{"line":31,"column":3}},"line":29},"2":{"name":"(anonymous_2)","decl":{"start":{"line":33,"column":42},"end":{"line":33,"column":43}},"loc":{"start":{"line":33,"column":70},"end":{"line":39,"column":3}},"line":33},"3":{"name":"(anonymous_3)","decl":{"start":{"line":34,"column":42},"end":{"line":34,"column":43}},"loc":{"start":{"line":34,"column":47},"end":{"line":36,"column":4}},"line":34},"4":{"name":"(anonymous_4)","decl":{"start":{"line":36,"column":12},"end":{"line":36,"column":13}},"loc":{"start":{"line":36,"column":17},"end":{"line":38,"column":4}},"line":36},"5":{"name":"(anonymous_5)","decl":{"start":{"line":46,"column":1},"end":{"line":46,"column":2}},"loc":{"start":{"line":46,"column":71},"end":{"line":52,"column":2}},"line":46},"6":{"name":"(anonymous_6)","decl":{"start":{"line":54,"column":1},"end":{"line":54,"column":2}},"loc":{"start":{"line":54,"column":71},"end":{"line":62,"column":2}},"line":54},"7":{"name":"(anonymous_7)","decl":{"start":{"line":64,"column":1},"end":{"line":64,"column":2}},"loc":{"start":{"line":64,"column":68},"end":{"line":72,"column":2}},"line":64},"8":{"name":"(anonymous_8)","decl":{"start":{"line":66,"column":55},"end":{"line":66,"column":56}},"loc":{"start":{"line":66,"column":64},"end":{"line":66,"column":87}},"line":66}},"branchMap":{"0":{"loc":{"start":{"line":24,"column":18},"end":{"line":24,"column":39}},"type":"binary-expr","locations":[{"start":{"line":24,"column":18},"end":{"line":24,"column":26}},{"start":{"line":24,"column":30},"end":{"line":24,"column":39}}],"line":24},"1":{"loc":{"start":{"line":55,"column":2},"end":{"line":57,"column":3}},"type":"if","locations":[{"start":{"line":55,"column":2},"end":{"line":57,"column":3}},{"start":{},"end":{}}],"line":55},"2":{"loc":{"start":{"line":67,"column":2},"end":{"line":71,"column":3}},"type":"if","locations":[{"start":{"line":67,"column":2},"end":{"line":71,"column":3}},{"start":{"line":69,"column":9},"end":{"line":71,"column":3}}],"line":67}},"s":{"0":4,"1":4,"2":4,"3":4,"4":4,"5":5,"6":4,"7":5,"8":5,"9":0,"10":4,"11":4,"12":4,"13":4,"14":0,"15":3,"16":2,"17":1,"18":0,"19":0,"20":0,"21":0,"22":0,"23":0},"f":{"0":4,"1":5,"2":5,"3":5,"4":0,"5":4,"6":3,"7":0,"8":0},"b":{"0":[4,0],"1":[2,1],"2":[0,0]},"_coverageSchema":"1a1c01bbd47fc00a2c39e90264f33305004495a9","hash":"978c8147a999c149e27a2e3cb872fd0a529c00f2"}
,"/Users/aangeles/Desktop/projects/demo/google_do_follow_search/server/src/providers/Routes.ts": {"path":"/Users/aangeles/Desktop/projects/demo/google_do_follow_search/server/src/providers/Routes.ts","statementMap":{"0":{"start":{"line":22,"column":20},"end":{"line":22,"column":45}},"1":{"start":{"line":24,"column":2},"end":{"line":24,"column":50}}},"fnMap":{"0":{"name":"(anonymous_0)","decl":{"start":{"line":21,"column":1},"end":{"line":21,"column":2}},"loc":{"start":{"line":21,"column":53},"end":{"line":25,"column":2}},"line":21}},"branchMap":{},"s":{"0":5,"1":5},"f":{"0":5},"b":{},"_coverageSchema":"1a1c01bbd47fc00a2c39e90264f33305004495a9","hash":"4e99d42846f39b6930c575d66b6c151999184fb1"}
,"/Users/aangeles/Desktop/projects/demo/google_do_follow_search/server/src/routes/Api.ts": {"path":"/Users/aangeles/Desktop/projects/demo/google_do_follow_search/server/src/routes/Api.ts","statementMap":{"0":{"start":{"line":16,"column":15},"end":{"line":16,"column":23}},"1":{"start":{"line":18,"column":0},"end":{"line":26,"column":2}},"2":{"start":{"line":28,"column":0},"end":{"line":51,"column":2}},"3":{"start":{"line":37,"column":75},"end":{"line":37,"column":114}},"4":{"start":{"line":43,"column":70},"end":{"line":43,"column":121}},"5":{"start":{"line":53,"column":0},"end":{"line":56,"column":2}},"6":{"start":{"line":58,"column":0},"end":{"line":63,"column":2}},"7":{"start":{"line":65,"column":0},"end":{"line":68,"column":2}}},"fnMap":{"0":{"name":"(anonymous_0)","decl":{"start":{"line":37,"column":64},"end":{"line":37,"column":65}},"loc":{"start":{"line":37,"column":75},"end":{"line":37,"column":114}},"line":37},"1":{"name":"(anonymous_1)","decl":{"start":{"line":43,"column":50},"end":{"line":43,"column":51}},"loc":{"start":{"line":43,"column":70},"end":{"line":43,"column":121}},"line":43}},"branchMap":{},"s":{"0":5,"1":5,"2":5,"3":14,"4":14,"5":5,"6":5,"7":5},"f":{"0":14,"1":14},"b":{},"_coverageSchema":"1a1c01bbd47fc00a2c39e90264f33305004495a9","hash":"1a5760756232977371e2de899dacdb907d075eae"}
,"/Users/aangeles/Desktop/projects/demo/google_do_follow_search/server/src/services/userService.ts": {"path":"/Users/aangeles/Desktop/projects/demo/google_do_follow_search/server/src/services/userService.ts","statementMap":{"0":{"start":{"line":21,"column":27},"end":{"line":25,"column":9}},"1":{"start":{"line":26,"column":21},"end":{"line":26,"column":25}},"2":{"start":{"line":27,"column":8},"end":{"line":37,"column":9}},"3":{"start":{"line":28,"column":12},"end":{"line":28,"column":56}},"4":{"start":{"line":29,"column":12},"end":{"line":34,"column":13}},"5":{"start":{"line":30,"column":16},"end":{"line":30,"column":52}},"6":{"start":{"line":31,"column":16},"end":{"line":31,"column":38}},"7":{"start":{"line":33,"column":16},"end":{"line":33,"column":29}},"8":{"start":{"line":36,"column":12},"end":{"line":36,"column":43}},"9":{"start":{"line":46,"column":25},"end":{"line":50,"column":9}},"10":{"start":{"line":51,"column":21},"end":{"line":51,"column":25}},"11":{"start":{"line":52,"column":8},"end":{"line":61,"column":9}},"12":{"start":{"line":53,"column":12},"end":{"line":53,"column":54}},"13":{"start":{"line":54,"column":12},"end":{"line":58,"column":13}},"14":{"start":{"line":55,"column":16},"end":{"line":55,"column":38}},"15":{"start":{"line":57,"column":16},"end":{"line":57,"column":29}},"16":{"start":{"line":60,"column":12},"end":{"line":60,"column":43}},"17":{"start":{"line":70,"column":25},"end":{"line":74,"column":9}},"18":{"start":{"line":75,"column":21},"end":{"line":75,"column":25}},"19":{"start":{"line":76,"column":8},"end":{"line":85,"column":9}},"20":{"start":{"line":77,"column":12},"end":{"line":77,"column":54}},"21":{"start":{"line":78,"column":12},"end":{"line":82,"column":13}},"22":{"start":{"line":79,"column":16},"end":{"line":79,"column":38}},"23":{"start":{"line":81,"column":16},"end":{"line":81,"column":29}},"24":{"start":{"line":84,"column":12},"end":{"line":84,"column":43}},"25":{"start":{"line":94,"column":28},"end":{"line":98,"column":9}},"26":{"start":{"line":100,"column":24},"end":{"line":100,"column":28}},"27":{"start":{"line":101,"column":8},"end":{"line":110,"column":9}},"28":{"start":{"line":102,"column":12},"end":{"line":102,"column":60}},"29":{"start":{"line":103,"column":12},"end":{"line":107,"column":13}},"30":{"start":{"line":104,"column":16},"end":{"line":104,"column":55}},"31":{"start":{"line":106,"column":16},"end":{"line":106,"column":86}},"32":{"start":{"line":109,"column":12},"end":{"line":109,"column":43}},"33":{"start":{"line":119,"column":28},"end":{"line":123,"column":9}},"34":{"start":{"line":124,"column":24},"end":{"line":124,"column":28}},"35":{"start":{"line":125,"column":8},"end":{"line":134,"column":9}},"36":{"start":{"line":126,"column":12},"end":{"line":126,"column":60}},"37":{"start":{"line":127,"column":12},"end":{"line":131,"column":13}},"38":{"start":{"line":128,"column":16},"end":{"line":128,"column":55}},"39":{"start":{"line":130,"column":16},"end":{"line":130,"column":98}},"40":{"start":{"line":133,"column":12},"end":{"line":133,"column":43}},"41":{"start":{"line":143,"column":28},"end":{"line":147,"column":9}},"42":{"start":{"line":149,"column":24},"end":{"line":149,"column":28}},"43":{"start":{"line":150,"column":8},"end":{"line":159,"column":9}},"44":{"start":{"line":151,"column":12},"end":{"line":151,"column":60}},"45":{"start":{"line":152,"column":12},"end":{"line":156,"column":13}},"46":{"start":{"line":153,"column":16},"end":{"line":153,"column":55}},"47":{"start":{"line":155,"column":16},"end":{"line":155,"column":92}},"48":{"start":{"line":158,"column":12},"end":{"line":158,"column":43}},"49":{"start":{"line":168,"column":34},"end":{"line":172,"column":9}},"50":{"start":{"line":174,"column":21},"end":{"line":174,"column":25}},"51":{"start":{"line":174,"column":36},"end":{"line":174,"column":40}},"52":{"start":{"line":175,"column":8},"end":{"line":190,"column":9}},"53":{"start":{"line":176,"column":12},"end":{"line":176,"column":53}},"54":{"start":{"line":178,"column":12},"end":{"line":184,"column":13}},"55":{"start":{"line":179,"column":16},"end":{"line":179,"column":84}},"56":{"start":{"line":180,"column":16},"end":{"line":180,"column":46}},"57":{"start":{"line":182,"column":16},"end":{"line":182,"column":48}},"58":{"start":{"line":183,"column":16},"end":{"line":183,"column":39}},"59":{"start":{"line":186,"column":12},"end":{"line":186,"column":60}},"60":{"start":{"line":189,"column":12},"end":{"line":189,"column":43}}},"fnMap":{"0":{"name":"(anonymous_0)","decl":{"start":{"line":20,"column":4},"end":{"line":20,"column":5}},"loc":{"start":{"line":20,"column":89},"end":{"line":38,"column":5}},"line":20},"1":{"name":"(anonymous_1)","decl":{"start":{"line":45,"column":4},"end":{"line":45,"column":5}},"loc":{"start":{"line":45,"column":67},"end":{"line":62,"column":5}},"line":45},"2":{"name":"(anonymous_2)","decl":{"start":{"line":69,"column":4},"end":{"line":69,"column":5}},"loc":{"start":{"line":69,"column":73},"end":{"line":86,"column":5}},"line":69},"3":{"name":"(anonymous_3)","decl":{"start":{"line":93,"column":4},"end":{"line":93,"column":5}},"loc":{"start":{"line":93,"column":108},"end":{"line":111,"column":5}},"line":93},"4":{"name":"(anonymous_4)","decl":{"start":{"line":118,"column":4},"end":{"line":118,"column":5}},"loc":{"start":{"line":118,"column":120},"end":{"line":135,"column":5}},"line":118},"5":{"name":"(anonymous_5)","decl":{"start":{"line":142,"column":4},"end":{"line":142,"column":5}},"loc":{"start":{"line":142,"column":114},"end":{"line":160,"column":5}},"line":142},"6":{"name":"(anonymous_6)","decl":{"start":{"line":167,"column":4},"end":{"line":167,"column":5}},"loc":{"start":{"line":167,"column":184},"end":{"line":191,"column":5}},"line":167}},"branchMap":{"0":{"loc":{"start":{"line":29,"column":12},"end":{"line":34,"column":13}},"type":"if","locations":[{"start":{"line":29,"column":12},"end":{"line":34,"column":13}},{"start":{"line":32,"column":19},"end":{"line":34,"column":13}}],"line":29},"1":{"loc":{"start":{"line":54,"column":12},"end":{"line":58,"column":13}},"type":"if","locations":[{"start":{"line":54,"column":12},"end":{"line":58,"column":13}},{"start":{"line":56,"column":19},"end":{"line":58,"column":13}}],"line":54},"2":{"loc":{"start":{"line":78,"column":12},"end":{"line":82,"column":13}},"type":"if","locations":[{"start":{"line":78,"column":12},"end":{"line":82,"column":13}},{"start":{"line":80,"column":19},"end":{"line":82,"column":13}}],"line":78},"3":{"loc":{"start":{"line":103,"column":12},"end":{"line":107,"column":13}},"type":"if","locations":[{"start":{"line":103,"column":12},"end":{"line":107,"column":13}},{"start":{"line":105,"column":19},"end":{"line":107,"column":13}}],"line":103},"4":{"loc":{"start":{"line":127,"column":12},"end":{"line":131,"column":13}},"type":"if","locations":[{"start":{"line":127,"column":12},"end":{"line":131,"column":13}},{"start":{"line":129,"column":19},"end":{"line":131,"column":13}}],"line":127},"5":{"loc":{"start":{"line":152,"column":12},"end":{"line":156,"column":13}},"type":"if","locations":[{"start":{"line":152,"column":12},"end":{"line":156,"column":13}},{"start":{"line":154,"column":19},"end":{"line":156,"column":13}}],"line":152}},"s":{"0":6,"1":6,"2":6,"3":6,"4":6,"5":5,"6":5,"7":1,"8":0,"9":5,"10":5,"11":5,"12":5,"13":5,"14":5,"15":0,"16":0,"17":5,"18":5,"19":5,"20":5,"21":5,"22":5,"23":0,"24":0,"25":3,"26":3,"27":3,"28":3,"29":3,"30":2,"31":1,"32":0,"33":3,"34":3,"35":3,"36":3,"37":3,"38":2,"39":1,"40":0,"41":3,"42":3,"43":3,"44":3,"45":3,"46":2,"47":1,"48":0,"49":0,"50":0,"51":0,"52":0,"53":0,"54":0,"55":0,"56":0,"57":0,"58":0,"59":0,"60":0},"f":{"0":6,"1":5,"2":5,"3":3,"4":3,"5":3,"6":0},"b":{"0":[5,1],"1":[5,0],"2":[5,0],"3":[2,1],"4":[2,1],"5":[2,1]},"_coverageSchema":"1a1c01bbd47fc00a2c39e90264f33305004495a9","hash":"f51d077930cdb44d8471aa9865174203017e1dc4"}
,"/Users/aangeles/Desktop/projects/demo/google_do_follow_search/server/src/services/strategies/Local.ts": {"path":"/Users/aangeles/Desktop/projects/demo/google_do_follow_search/server/src/services/strategies/Local.ts","statementMap":{"0":{"start":{"line":14,"column":2},"end":{"line":42,"column":6}},"1":{"start":{"line":15,"column":3},"end":{"line":15,"column":36}},"2":{"start":{"line":16,"column":3},"end":{"line":16,"column":39}},"3":{"start":{"line":18,"column":29},"end":{"line":18,"column":46}},"4":{"start":{"line":19,"column":3},"end":{"line":41,"column":5}},"5":{"start":{"line":20,"column":4},"end":{"line":20,"column":38}},"6":{"start":{"line":22,"column":4},"end":{"line":24,"column":5}},"7":{"start":{"line":23,"column":5},"end":{"line":23,"column":72}},"8":{"start":{"line":26,"column":4},"end":{"line":28,"column":5}},"9":{"start":{"line":27,"column":5},"end":{"line":27,"column":162}},"10":{"start":{"line":30,"column":4},"end":{"line":30,"column":40}},"11":{"start":{"line":31,"column":18},"end":{"line":31,"column":54}},"12":{"start":{"line":33,"column":4},"end":{"line":35,"column":5}},"13":{"start":{"line":34,"column":5},"end":{"line":34,"column":70}},"14":{"start":{"line":37,"column":4},"end":{"line":37,"column":28}},"15":{"start":{"line":39,"column":4},"end":{"line":39,"column":30}},"16":{"start":{"line":40,"column":4},"end":{"line":40,"column":19}}},"fnMap":{"0":{"name":"(anonymous_0)","decl":{"start":{"line":13,"column":1},"end":{"line":13,"column":2}},"loc":{"start":{"line":13,"column":41},"end":{"line":43,"column":2}},"line":13},"1":{"name":"(anonymous_1)","decl":{"start":{"line":14,"column":33},"end":{"line":14,"column":34}},"loc":{"start":{"line":14,"column":84},"end":{"line":42,"column":3}},"line":14},"2":{"name":"(anonymous_2)","decl":{"start":{"line":19,"column":53},"end":{"line":19,"column":54}},"loc":{"start":{"line":19,"column":61},"end":{"line":38,"column":4}},"line":19},"3":{"name":"(anonymous_3)","decl":{"start":{"line":38,"column":12},"end":{"line":38,"column":13}},"loc":{"start":{"line":38,"column":17},"end":{"line":41,"column":4}},"line":38}},"branchMap":{"0":{"loc":{"start":{"line":22,"column":4},"end":{"line":24,"column":5}},"type":"if","locations":[{"start":{"line":22,"column":4},"end":{"line":24,"column":5}},{"start":{},"end":{}}],"line":22},"1":{"loc":{"start":{"line":26,"column":4},"end":{"line":28,"column":5}},"type":"if","locations":[{"start":{"line":26,"column":4},"end":{"line":28,"column":5}},{"start":{},"end":{}}],"line":26},"2":{"loc":{"start":{"line":26,"column":8},"end":{"line":26,"column":35}},"type":"binary-expr","locations":[{"start":{"line":26,"column":8},"end":{"line":26,"column":12}},{"start":{"line":26,"column":16},"end":{"line":26,"column":35}}],"line":26},"3":{"loc":{"start":{"line":33,"column":4},"end":{"line":35,"column":5}},"type":"if","locations":[{"start":{"line":33,"column":4},"end":{"line":35,"column":5}},{"start":{},"end":{}}],"line":33}},"s":{"0":4,"1":5,"2":5,"3":5,"4":5,"5":5,"6":5,"7":0,"8":5,"9":0,"10":5,"11":5,"12":5,"13":0,"14":5,"15":0,"16":0},"f":{"0":4,"1":5,"2":5,"3":0},"b":{"0":[0,5],"1":[0,5],"2":[5,5],"3":[0,5]},"_coverageSchema":"1a1c01bbd47fc00a2c39e90264f33305004495a9","hash":"6be914fb97d58e41a64b2e8848fdbe4386364362"}
}
