TN:
SF:src/controllers/Api/Auth/Login.ts
FN:27,(anonymous_0)
FN:66,(anonymous_1)
FN:80,(anonymous_2)
FNF:3
FNH:3
FNDA:10,(anonymous_0)
FNDA:5,(anonymous_1)
FNDA:5,(anonymous_2)
DA:13,5
DA:28,10
DA:29,10
DA:30,10
DA:32,10
DA:33,4
DA:38,6
DA:39,6
DA:40,6
DA:42,6
DA:44,6
DA:46,1
DA:52,5
DA:54,5
DA:66,5
DA:67,5
DA:69,5
DA:70,0
DA:73,5
DA:74,0
DA:80,5
DA:81,5
DA:89,0
DA:90,0
LF:24
LH:20
BRDA:32,0,0,4
BRDA:32,0,1,6
BRDA:44,1,0,1
BRDA:44,1,1,5
BRDA:69,2,0,0
BRDA:69,2,1,5
BRDA:73,3,0,0
BRDA:73,3,1,5
BRDA:76,4,0,0
BRDA:76,4,1,0
BRF:10
BRH:6
end_of_record
TN:
SF:src/controllers/Api/Auth/Logout.ts
FN:11,(anonymous_0)
FN:13,(anonymous_1)
FNF:2
FNH:2
FNDA:2,(anonymous_0)
FNDA:2,(anonymous_1)
DA:13,2
DA:14,2
DA:15,0
DA:20,2
LF:4
LH:3
BRDA:14,0,0,0
BRDA:14,0,1,2
BRF:2
BRH:1
end_of_record
TN:
SF:src/controllers/Api/Auth/Register.ts
FN:23,(anonymous_0)
FN:49,(anonymous_1)
FN:51,(anonymous_2)
FN:84,(anonymous_3)
FN:99,(anonymous_4)
FNF:5
FNH:5
FNDA:14,(anonymous_0)
FNDA:9,(anonymous_1)
FNDA:9,(anonymous_2)
FNDA:14,(anonymous_3)
FNDA:14,(anonymous_4)
DA:24,14
DA:25,14
DA:26,14
DA:28,14
DA:29,11
DA:34,3
DA:35,3
DA:36,3
DA:37,3
DA:38,3
DA:39,3
DA:41,3
DA:49,9
DA:50,3
DA:51,9
DA:55,0
DA:57,0
DA:58,0
DA:59,0
DA:64,0
DA:65,0
DA:71,0
DA:72,0
DA:85,14
DA:87,4
DA:89,10
DA:100,14
DA:101,14
DA:103,0
LF:29
LH:20
BRDA:28,0,0,11
BRDA:28,0,1,3
BRDA:49,1,0,3
BRDA:49,1,1,0
BRDA:57,2,0,0
BRDA:57,2,1,0
BRDA:85,3,0,4
BRDA:85,3,1,10
BRF:8
BRH:5
end_of_record
TN:
SF:src/controllers/Api/Auth/Session.ts
FN:12,(anonymous_0)
FNF:1
FNH:1
FNDA:2,(anonymous_0)
DA:13,2
DA:16,2
DA:17,1
DA:21,1
DA:24,1
DA:28,1
DA:30,0
LF:7
LH:6
BRDA:16,0,0,1
BRDA:16,0,1,1
BRF:2
BRH:2
end_of_record
TN:
SF:src/controllers/Api/Pages/PageSource.ts
FN:13,(anonymous_0)
FN:22,(anonymous_1)
FNF:2
FNH:2
FNDA:2,(anonymous_0)
FNDA:1,(anonymous_1)
DA:10,5
DA:14,2
DA:16,2
DA:17,1
DA:22,1
DA:23,1
DA:24,0
DA:26,1
LF:8
LH:7
BRDA:16,0,0,1
BRDA:16,0,1,1
BRDA:23,1,0,0
BRDA:23,1,1,1
BRF:4
BRH:3
end_of_record
TN:
SF:src/core/ApiResponse.ts
FN:27,(anonymous_0)
FN:33,(anonymous_1)
FN:37,(anonymous_2)
FN:41,(anonymous_3)
FN:52,(anonymous_4)
FN:60,(anonymous_5)
FN:64,(anonymous_6)
FN:71,(anonymous_7)
FN:77,(anonymous_8)
FN:83,(anonymous_9)
FN:89,(anonymous_10)
FN:95,(anonymous_11)
FN:101,(anonymous_12)
FN:105,(anonymous_13)
FN:113,(anonymous_14)
FN:117,(anonymous_15)
FN:124,(anonymous_16)
FN:128,(anonymous_17)
FNF:18
FNH:5
FNDA:26,(anonymous_0)
FNDA:26,(anonymous_1)
FNDA:0,(anonymous_2)
FNDA:26,(anonymous_3)
FNDA:0,(anonymous_4)
FNDA:0,(anonymous_5)
FNDA:0,(anonymous_6)
FNDA:0,(anonymous_7)
FNDA:0,(anonymous_8)
FNDA:0,(anonymous_9)
FNDA:0,(anonymous_10)
FNDA:0,(anonymous_11)
FNDA:26,(anonymous_12)
FNDA:26,(anonymous_13)
FNDA:0,(anonymous_14)
FNDA:0,(anonymous_15)
FNDA:0,(anonymous_16)
FNDA:0,(anonymous_17)
DA:34,26
DA:38,0
DA:42,26
DA:43,26
DA:45,26
DA:46,78
DA:47,26
DA:53,0
DA:61,0
DA:65,0
DA:66,0
DA:72,0
DA:78,0
DA:84,0
DA:90,0
DA:96,0
DA:102,26
DA:106,26
DA:111,0
DA:114,0
DA:118,0
DA:119,0
DA:125,0
DA:129,0
LF:24
LH:8
BRDA:46,0,0,0
BRDA:46,0,1,78
BRDA:52,1,0,0
BRDA:60,2,0,0
BRDA:71,3,0,0
BRDA:77,4,0,0
BRDA:83,5,0,0
BRDA:113,6,0,0
BRF:8
BRH:1
end_of_record
TN:
SF:src/middlewares/Log.ts
FN:17,(anonymous_0)
FN:28,(anonymous_1)
FN:33,(anonymous_2)
FN:38,(anonymous_3)
FN:46,(anonymous_4)
FN:54,(anonymous_5)
FN:58,(anonymous_6)
FN:61,(anonymous_7)
FN:63,(anonymous_8)
FN:85,(anonymous_9)
FNF:10
FNH:6
FNDA:5,(anonymous_0)
FNDA:80,(anonymous_1)
FNDA:0,(anonymous_2)
FNDA:0,(anonymous_3)
FNDA:0,(anonymous_4)
FNDA:80,(anonymous_5)
FNDA:80,(anonymous_6)
FNDA:74,(anonymous_7)
FNDA:74,(anonymous_8)
FNDA:0,(anonymous_9)
DA:15,5
DA:18,5
DA:19,5
DA:21,5
DA:23,5
DA:24,5
DA:29,80
DA:34,0
DA:40,0
DA:42,0
DA:47,0
DA:55,80
DA:56,80
DA:58,80
DA:59,80
DA:61,80
DA:62,74
DA:63,74
DA:64,74
DA:65,74
DA:67,0
DA:71,0
DA:75,0
LF:23
LH:16
BRDA:59,0,0,80
BRDA:59,0,1,0
BRDA:59,1,0,80
BRDA:59,1,1,80
BRDA:62,2,0,74
BRDA:62,2,1,0
BRDA:64,3,0,74
BRDA:64,3,1,0
BRF:8
BRH:5
end_of_record
TN:
SF:src/providers/Database.ts
FN:16,(anonymous_0)
FN:28,(anonymous_1)
FN:44,(anonymous_2)
FN:62,(anonymous_3)
FN:81,(anonymous_4)
FN:102,(anonymous_5)
FN:121,(anonymous_6)
FNF:7
FNH:2
FNDA:5,(anonymous_0)
FNDA:25,(anonymous_1)
FNDA:0,(anonymous_2)
FNDA:0,(anonymous_3)
FNDA:0,(anonymous_4)
FNDA:0,(anonymous_5)
FNDA:0,(anonymous_6)
DA:7,5
DA:17,5
DA:29,25
DA:30,25
DA:31,25
DA:32,25
DA:33,25
DA:35,0
DA:36,0
DA:45,0
DA:46,0
DA:47,0
DA:48,0
DA:49,0
DA:51,0
DA:52,0
DA:63,0
DA:64,0
DA:65,0
DA:66,0
DA:67,0
DA:68,0
DA:70,0
DA:71,0
DA:82,0
DA:83,0
DA:84,0
DA:85,0
DA:86,0
DA:87,0
DA:88,0
DA:90,0
DA:91,0
DA:95,0
DA:103,0
DA:104,0
DA:105,0
DA:106,0
DA:108,0
DA:110,0
DA:111,0
DA:114,0
DA:122,0
DA:123,0
DA:125,0
DA:126,0
DA:128,0
DA:129,0
LF:48
LH:7
BRDA:83,0,0,0
BRDA:83,0,1,0
BRDA:103,1,0,0
BRDA:103,1,1,0
BRDA:103,2,0,0
BRDA:103,2,1,0
BRF:6
BRH:0
end_of_record
TN:
SF:src/providers/Encryptions.ts
FN:19,(anonymous_0)
FN:35,(anonymous_1)
FNF:2
FNH:1
FNDA:0,(anonymous_0)
FNDA:9,(anonymous_1)
DA:20,0
DA:21,0
DA:26,0
DA:36,9
DA:37,9
DA:39,0
LF:6
LH:2
BRF:0
BRH:0
end_of_record
TN:
SF:src/providers/ExpressValidation.ts
FN:12,(anonymous_0)
FN:14,(anonymous_1)
FNF:2
FNH:2
FNDA:24,(anonymous_0)
FNDA:23,(anonymous_1)
DA:13,24
DA:15,23
DA:16,23
LF:3
LH:3
BRF:0
BRH:0
end_of_record
TN:
SF:src/providers/Locals.ts
FN:15,(anonymous_0)
FN:38,(anonymous_1)
FNF:2
FNH:1
FNDA:14,(anonymous_0)
FNDA:0,(anonymous_1)
DA:16,14
DA:17,14
DA:19,14
DA:20,14
DA:23,14
DA:26,14
DA:39,0
DA:40,0
LF:8
LH:6
BRDA:16,0,0,14
BRDA:16,0,1,14
BRDA:17,1,0,14
BRDA:17,1,1,14
BRDA:19,2,0,14
BRDA:19,2,1,14
BRDA:20,3,0,14
BRDA:20,3,1,14
BRF:8
BRH:8
end_of_record
TN:
SF:src/providers/Passport.ts
FN:20,(anonymous_0)
FN:29,(anonymous_1)
FN:33,(anonymous_2)
FN:34,(anonymous_3)
FN:36,(anonymous_4)
FN:46,(anonymous_5)
FN:54,(anonymous_6)
FN:64,(anonymous_7)
FN:66,(anonymous_8)
FNF:9
FNH:6
FNDA:4,(anonymous_0)
FNDA:5,(anonymous_1)
FNDA:5,(anonymous_2)
FNDA:5,(anonymous_3)
FNDA:0,(anonymous_4)
FNDA:4,(anonymous_5)
FNDA:3,(anonymous_6)
FNDA:0,(anonymous_7)
FNDA:0,(anonymous_8)
DA:22,4
DA:24,4
DA:26,4
DA:27,4
DA:29,4
DA:30,5
DA:33,4
DA:34,5
DA:35,5
DA:37,0
DA:41,4
DA:43,4
DA:47,4
DA:48,4
DA:50,0
DA:55,3
DA:56,2
DA:59,1
DA:65,0
DA:66,0
DA:67,0
DA:68,0
DA:70,0
LF:23
LH:16
BRDA:24,0,0,4
BRDA:24,0,1,0
BRDA:55,1,0,2
BRDA:55,1,1,1
BRDA:67,2,0,0
BRDA:67,2,1,0
BRF:6
BRH:3
end_of_record
TN:
SF:src/providers/Routes.ts
FN:21,(anonymous_0)
FNF:1
FNH:1
FNDA:5,(anonymous_0)
DA:22,5
DA:24,5
LF:2
LH:2
BRF:0
BRH:0
end_of_record
TN:
SF:src/routes/Api.ts
FN:37,(anonymous_0)
FN:43,(anonymous_1)
FNF:2
FNH:2
FNDA:14,(anonymous_0)
FNDA:14,(anonymous_1)
DA:16,5
DA:18,5
DA:28,5
DA:37,14
DA:43,14
DA:53,5
DA:58,5
DA:65,5
LF:8
LH:8
BRF:0
BRH:0
end_of_record
TN:
SF:src/services/userService.ts
FN:20,(anonymous_0)
FN:45,(anonymous_1)
FN:69,(anonymous_2)
FN:93,(anonymous_3)
FN:118,(anonymous_4)
FN:142,(anonymous_5)
FN:167,(anonymous_6)
FNF:7
FNH:6
FNDA:6,(anonymous_0)
FNDA:5,(anonymous_1)
FNDA:5,(anonymous_2)
FNDA:3,(anonymous_3)
FNDA:3,(anonymous_4)
FNDA:3,(anonymous_5)
FNDA:0,(anonymous_6)
DA:21,6
DA:26,6
DA:27,6
DA:28,6
DA:29,6
DA:30,5
DA:31,5
DA:33,1
DA:36,0
DA:46,5
DA:51,5
DA:52,5
DA:53,5
DA:54,5
DA:55,5
DA:57,0
DA:60,0
DA:70,5
DA:75,5
DA:76,5
DA:77,5
DA:78,5
DA:79,5
DA:81,0
DA:84,0
DA:94,3
DA:100,3
DA:101,3
DA:102,3
DA:103,3
DA:104,2
DA:106,1
DA:109,0
DA:119,3
DA:124,3
DA:125,3
DA:126,3
DA:127,3
DA:128,2
DA:130,1
DA:133,0
DA:143,3
DA:149,3
DA:150,3
DA:151,3
DA:152,3
DA:153,2
DA:155,1
DA:158,0
DA:168,0
DA:174,0
DA:175,0
DA:176,0
DA:178,0
DA:179,0
DA:180,0
DA:182,0
DA:183,0
DA:186,0
DA:189,0
LF:60
LH:41
BRDA:29,0,0,5
BRDA:29,0,1,1
BRDA:54,1,0,5
BRDA:54,1,1,0
BRDA:78,2,0,5
BRDA:78,2,1,0
BRDA:103,3,0,2
BRDA:103,3,1,1
BRDA:127,4,0,2
BRDA:127,4,1,1
BRDA:152,5,0,2
BRDA:152,5,1,1
BRF:12
BRH:10
end_of_record
TN:
SF:src/services/strategies/Local.ts
FN:13,(anonymous_0)
FN:14,(anonymous_1)
FN:19,(anonymous_2)
FN:38,(anonymous_3)
FNF:4
FNH:3
FNDA:4,(anonymous_0)
FNDA:5,(anonymous_1)
FNDA:5,(anonymous_2)
FNDA:0,(anonymous_3)
DA:14,4
DA:15,5
DA:16,5
DA:18,5
DA:19,5
DA:20,5
DA:22,5
DA:23,0
DA:26,5
DA:27,0
DA:30,5
DA:31,5
DA:33,5
DA:34,0
DA:37,5
DA:39,0
DA:40,0
LF:17
LH:12
BRDA:22,0,0,0
BRDA:22,0,1,5
BRDA:26,1,0,0
BRDA:26,1,1,5
BRDA:26,2,0,5
BRDA:26,2,1,5
BRDA:33,3,0,0
BRDA:33,3,1,5
BRF:8
BRH:5
end_of_record
