TN:
SF:src/controllers/Api/Auth/Login.ts
FN:20,(anonymous_0)
FN:67,(anonymous_1)
FN:81,(anonymous_2)
FNF:3
FNH:3
FNDA:9,(anonymous_0)
FNDA:4,(anonymous_1)
FNDA:4,(anonymous_2)
DA:15,5
DA:21,9
DA:22,9
DA:23,9
DA:25,9
DA:26,4
DA:31,5
DA:32,5
DA:33,5
DA:35,5
DA:37,5
DA:38,1
DA:44,4
DA:46,4
DA:47,0
DA:53,4
DA:55,4
DA:67,4
DA:68,4
DA:70,4
DA:71,0
DA:74,4
DA:75,0
DA:81,4
DA:82,4
DA:91,0
DA:92,0
LF:27
LH:22
BRDA:25,0,0,4
BRDA:25,0,1,5
BRDA:37,1,0,1
BRDA:37,1,1,4
BRDA:46,2,0,0
BRDA:46,2,1,4
BRDA:70,3,0,0
BRDA:70,3,1,4
BRDA:74,4,0,0
BRDA:74,4,1,4
BRDA:77,5,0,0
BRDA:77,5,1,0
BRF:12
BRH:7
end_of_record
TN:
SF:src/controllers/Api/Auth/Logout.ts
FN:11,(anonymous_0)
FN:13,(anonymous_1)
FNF:2
FNH:2
FNDA:1,(anonymous_0)
FNDA:1,(anonymous_1)
DA:13,1
DA:14,1
DA:15,0
DA:20,1
LF:4
LH:3
BRDA:14,0,0,0
BRDA:14,0,1,1
BRF:2
BRH:1
end_of_record
TN:
SF:src/controllers/Api/Auth/Register.ts
FN:22,(anonymous_0)
FN:48,(anonymous_1)
FN:50,(anonymous_2)
FN:83,(anonymous_3)
FN:98,(anonymous_4)
FNF:5
FNH:5
FNDA:14,(anonymous_0)
FNDA:9,(anonymous_1)
FNDA:9,(anonymous_2)
FNDA:14,(anonymous_3)
FNDA:14,(anonymous_4)
DA:23,14
DA:24,14
DA:25,14
DA:27,14
DA:28,11
DA:33,3
DA:34,3
DA:35,3
DA:36,3
DA:37,3
DA:38,3
DA:40,3
DA:48,9
DA:49,3
DA:50,9
DA:54,0
DA:56,0
DA:57,0
DA:58,0
DA:63,0
DA:64,0
DA:70,0
DA:71,0
DA:84,14
DA:86,4
DA:88,10
DA:99,14
DA:100,14
DA:102,0
LF:29
LH:20
BRDA:27,0,0,11
BRDA:27,0,1,3
BRDA:48,1,0,3
BRDA:48,1,1,0
BRDA:56,2,0,0
BRDA:56,2,1,0
BRDA:84,3,0,4
BRDA:84,3,1,10
BRF:8
BRH:5
end_of_record
TN:
SF:src/controllers/Api/Auth/Session.ts
FN:10,(anonymous_0)
FNF:1
FNH:1
FNDA:2,(anonymous_0)
DA:11,2
DA:13,2
DA:14,0
DA:20,2
LF:4
LH:3
BRDA:13,0,0,0
BRDA:13,0,1,2
BRF:2
BRH:1
end_of_record
TN:
SF:src/controllers/Api/Pages/PageSource.ts
FN:13,(anonymous_0)
FN:22,(anonymous_1)
FNF:2
FNH:0
FNDA:0,(anonymous_0)
FNDA:0,(anonymous_1)
DA:10,5
DA:14,0
DA:16,0
DA:17,0
DA:22,0
DA:23,0
DA:24,0
DA:26,0
LF:8
LH:1
BRDA:16,0,0,0
BRDA:16,0,1,0
BRDA:23,1,0,0
BRDA:23,1,1,0
BRF:4
BRH:0
end_of_record
TN:
SF:src/middlewares/Log.ts
FN:17,(anonymous_0)
FN:28,(anonymous_1)
FN:33,(anonymous_2)
FN:38,(anonymous_3)
FN:46,(anonymous_4)
FN:54,(anonymous_5)
FN:58,(anonymous_6)
FN:61,(anonymous_7)
FN:63,(anonymous_8)
FN:85,(anonymous_9)
FNF:10
FNH:6
FNDA:5,(anonymous_0)
FNDA:60,(anonymous_1)
FNDA:0,(anonymous_2)
FNDA:0,(anonymous_3)
FNDA:0,(anonymous_4)
FNDA:60,(anonymous_5)
FNDA:60,(anonymous_6)
FNDA:57,(anonymous_7)
FNDA:57,(anonymous_8)
FNDA:0,(anonymous_9)
DA:15,5
DA:18,5
DA:19,5
DA:21,5
DA:23,5
DA:24,5
DA:29,60
DA:34,0
DA:40,0
DA:42,0
DA:47,0
DA:55,60
DA:56,60
DA:58,60
DA:59,60
DA:61,60
DA:62,57
DA:63,57
DA:64,57
DA:65,57
DA:67,0
DA:71,0
DA:75,0
LF:23
LH:16
BRDA:59,0,0,60
BRDA:59,0,1,0
BRDA:59,1,0,60
BRDA:59,1,1,60
BRDA:62,2,0,57
BRDA:62,2,1,0
BRDA:64,3,0,57
BRDA:64,3,1,0
BRF:8
BRH:5
end_of_record
TN:
SF:src/providers/Database.ts
FN:16,(anonymous_0)
FN:28,(anonymous_1)
FN:44,(anonymous_2)
FN:62,(anonymous_3)
FN:81,(anonymous_4)
FN:102,(anonymous_5)
FN:121,(anonymous_6)
FNF:7
FNH:2
FNDA:5,(anonymous_0)
FNDA:18,(anonymous_1)
FNDA:0,(anonymous_2)
FNDA:0,(anonymous_3)
FNDA:0,(anonymous_4)
FNDA:0,(anonymous_5)
FNDA:0,(anonymous_6)
DA:7,5
DA:17,5
DA:29,18
DA:30,18
DA:31,18
DA:32,18
DA:33,18
DA:35,0
DA:36,0
DA:45,0
DA:46,0
DA:47,0
DA:48,0
DA:49,0
DA:51,0
DA:52,0
DA:63,0
DA:64,0
DA:65,0
DA:66,0
DA:67,0
DA:68,0
DA:70,0
DA:71,0
DA:82,0
DA:83,0
DA:84,0
DA:85,0
DA:86,0
DA:87,0
DA:88,0
DA:90,0
DA:91,0
DA:95,0
DA:103,0
DA:104,0
DA:105,0
DA:106,0
DA:108,0
DA:110,0
DA:111,0
DA:114,0
DA:122,0
DA:123,0
DA:125,0
DA:126,0
DA:128,0
DA:129,0
LF:48
LH:7
BRDA:83,0,0,0
BRDA:83,0,1,0
BRDA:103,1,0,0
BRDA:103,1,1,0
BRDA:103,2,0,0
BRDA:103,2,1,0
BRF:6
BRH:0
end_of_record
TN:
SF:src/providers/Encryptions.ts
FN:19,(anonymous_0)
FN:35,(anonymous_1)
FNF:2
FNH:2
FNDA:4,(anonymous_0)
FNDA:8,(anonymous_1)
DA:20,4
DA:21,4
DA:26,0
DA:36,8
DA:37,8
DA:39,0
LF:6
LH:4
BRF:0
BRH:0
end_of_record
TN:
SF:src/providers/Locals.ts
FN:15,(anonymous_0)
FN:34,(anonymous_1)
FNF:2
FNH:1
FNDA:18,(anonymous_0)
FNDA:0,(anonymous_1)
DA:16,18
DA:17,18
DA:19,18
DA:20,18
DA:23,18
DA:35,0
DA:36,0
LF:7
LH:5
BRDA:16,0,0,18
BRDA:16,0,1,18
BRDA:17,1,0,18
BRDA:17,1,1,18
BRDA:19,2,0,18
BRDA:19,2,1,18
BRDA:20,3,0,18
BRDA:20,3,1,18
BRF:8
BRH:8
end_of_record
TN:
SF:src/providers/Passport.ts
FN:21,(anonymous_0)
FN:29,(anonymous_1)
FN:33,(anonymous_2)
FN:34,(anonymous_3)
FN:36,(anonymous_4)
FN:46,(anonymous_5)
FN:54,(anonymous_6)
FN:64,(anonymous_7)
FN:66,(anonymous_8)
FNF:9
FNH:4
FNDA:4,(anonymous_0)
FNDA:4,(anonymous_1)
FNDA:0,(anonymous_2)
FNDA:0,(anonymous_3)
FNDA:0,(anonymous_4)
FNDA:4,(anonymous_5)
FNDA:3,(anonymous_6)
FNDA:0,(anonymous_7)
FNDA:0,(anonymous_8)
DA:22,4
DA:24,4
DA:26,4
DA:27,4
DA:29,4
DA:30,4
DA:33,4
DA:34,0
DA:35,0
DA:37,0
DA:41,4
DA:43,4
DA:47,4
DA:48,4
DA:50,0
DA:55,3
DA:56,0
DA:59,3
DA:65,0
DA:66,0
DA:67,0
DA:68,0
DA:70,0
LF:23
LH:13
BRDA:24,0,0,4
BRDA:24,0,1,0
BRDA:55,1,0,0
BRDA:55,1,1,3
BRDA:67,2,0,0
BRDA:67,2,1,0
BRF:6
BRH:2
end_of_record
TN:
SF:src/providers/Routes.ts
FN:21,(anonymous_0)
FNF:1
FNH:1
FNDA:5,(anonymous_0)
DA:22,5
DA:24,5
LF:2
LH:2
BRF:0
BRH:0
end_of_record
TN:
SF:src/routes/Api.ts
FN:37,(anonymous_0)
FN:43,(anonymous_1)
FNF:2
FNH:2
FNDA:14,(anonymous_0)
FNDA:14,(anonymous_1)
DA:16,5
DA:18,5
DA:28,5
DA:37,14
DA:43,14
DA:53,5
DA:58,5
DA:65,5
LF:8
LH:8
BRF:0
BRH:0
end_of_record
TN:
SF:src/services/userService.ts
FN:19,(anonymous_0)
FN:44,(anonymous_1)
FN:68,(anonymous_2)
FN:92,(anonymous_3)
FN:117,(anonymous_4)
FN:141,(anonymous_5)
FN:165,(anonymous_6)
FNF:7
FNH:5
FNDA:5,(anonymous_0)
FNDA:0,(anonymous_1)
FNDA:4,(anonymous_2)
FNDA:3,(anonymous_3)
FNDA:3,(anonymous_4)
FNDA:3,(anonymous_5)
FNDA:0,(anonymous_6)
DA:20,5
DA:25,5
DA:26,5
DA:27,5
DA:28,5
DA:29,4
DA:30,4
DA:32,1
DA:35,0
DA:45,0
DA:50,0
DA:51,0
DA:52,0
DA:53,0
DA:54,0
DA:56,0
DA:59,0
DA:69,4
DA:74,4
DA:75,4
DA:76,4
DA:77,4
DA:78,4
DA:80,0
DA:83,0
DA:93,3
DA:99,3
DA:100,3
DA:101,3
DA:102,3
DA:103,2
DA:105,1
DA:108,0
DA:118,3
DA:123,3
DA:124,3
DA:125,3
DA:126,3
DA:127,2
DA:129,1
DA:132,0
DA:142,3
DA:147,3
DA:148,3
DA:149,3
DA:150,3
DA:151,2
DA:153,1
DA:156,0
DA:166,0
DA:172,0
DA:173,0
DA:174,0
DA:176,0
DA:177,0
DA:178,0
DA:180,0
DA:181,0
DA:184,0
DA:187,0
LF:60
LH:35
BRDA:28,0,0,4
BRDA:28,0,1,1
BRDA:53,1,0,0
BRDA:53,1,1,0
BRDA:77,2,0,4
BRDA:77,2,1,0
BRDA:102,3,0,2
BRDA:102,3,1,1
BRDA:126,4,0,2
BRDA:126,4,1,1
BRDA:150,5,0,2
BRDA:150,5,1,1
BRF:12
BRH:9
end_of_record
TN:
SF:src/services/strategies/Local.ts
FN:13,(anonymous_0)
FN:14,(anonymous_1)
FN:19,(anonymous_2)
FN:38,(anonymous_3)
FNF:4
FNH:3
FNDA:4,(anonymous_0)
FNDA:4,(anonymous_1)
FNDA:4,(anonymous_2)
FNDA:0,(anonymous_3)
DA:14,4
DA:15,4
DA:16,4
DA:18,4
DA:19,4
DA:20,4
DA:22,4
DA:23,0
DA:26,4
DA:27,0
DA:30,4
DA:31,4
DA:33,4
DA:34,0
DA:37,4
DA:39,0
DA:40,0
LF:17
LH:12
BRDA:22,0,0,0
BRDA:22,0,1,4
BRDA:26,1,0,0
BRDA:26,1,1,4
BRDA:26,2,0,4
BRDA:26,2,1,4
BRDA:33,3,0,0
BRDA:33,3,1,4
BRF:8
BRH:5
end_of_record
